This is pdfTeX, Version 3.141592653-2.6-1.40.24 (MiKTeX 21.12) (preloaded format=pdflatex 2022.3.6)  6 APR 2022 15:58
entering extended mode
 \write18 enabled.
 %&-line parsing enabled.
**./principal.tex
(principal.tex
LaTeX2e <2021-11-15> patch level 1
L3 programming layer <2021-11-22> (prefix.tex
(C:\Users\Maurizio\AppData\Local\Programs\MiKTeX\tex/latex/base\book.cls
Document Class: book 2021/10/04 v1.4n Standard LaTeX document class
(C:\Users\Maurizio\AppData\Local\Programs\MiKTeX\tex/latex/base\bk10.clo
File: bk10.clo 2021/10/04 v1.4n Standard LaTeX file (size option)
)
\c@part=\count183
\c@chapter=\count184
\c@section=\count185
\c@subsection=\count186
\c@subsubsection=\count187
\c@paragraph=\count188
\c@subparagraph=\count189
\c@figure=\count190
\c@table=\count191
\abovecaptionskip=\skip47
\belowcaptionskip=\skip48
\bibindent=\dimen138
)
(C:\Users\Maurizio\AppData\Local\Programs\MiKTeX\tex/latex/geometry\geometry.st
y
Package: geometry 2020/01/02 v5.9 Page Geometry

(C:\Users\Maurizio\AppData\Local\Programs\MiKTeX\tex/latex/graphics\keyval.sty
Package: keyval 2014/10/28 v1.15 key=value parser (DPC)
\KV@toks@=\toks16
) (C:\Users\Maurizio\AppData\Local\Programs\MiKTeX\tex/generic/iftex\ifvtex.sty
Package: ifvtex 2019/10/25 v1.7 ifvtex legacy package. Use iftex instead.

(C:\Users\Maurizio\AppData\Local\Programs\MiKTeX\tex/generic/iftex\iftex.sty
Package: iftex 2020/03/06 v1.0d TeX engine tests
))
\Gm@cnth=\count192
\Gm@cntv=\count193
\c@Gm@tempcnt=\count194
\Gm@bindingoffset=\dimen139
\Gm@wd@mp=\dimen140
\Gm@odd@mp=\dimen141
\Gm@even@mp=\dimen142
\Gm@layoutwidth=\dimen143
\Gm@layoutheight=\dimen144
\Gm@layouthoffset=\dimen145
\Gm@layoutvoffset=\dimen146
\Gm@dimlist=\toks17

(C:\Users\Maurizio\AppData\Local\Programs\MiKTeX\tex/latex/geometry\geometry.cf
g))
(C:\Users\Maurizio\AppData\Local\Programs\MiKTeX\tex/generic/babel\babel.sty
Package: babel 2021/11/29 3.67 The Babel package
\babel@savecnt=\count195
\U@D=\dimen147
\l@unhyphenated=\language79

(C:\Users\Maurizio\AppData\Local\Programs\MiKTeX\tex/generic/babel\txtbabel.def
)
\bbl@readstream=\read2
\bbl@dirlevel=\count196

*************************************
* Local config file bblopts.cfg used
*
(C:\Users\Maurizio\AppData\Local\Programs\MiKTeX\tex/latex/arabi\bblopts.cfg
File: bblopts.cfg 2005/09/08 v0.1 add Arabic and Farsi to "declared" options of
 babel
)
(C:\Users\Maurizio\AppData\Local\Programs\MiKTeX\tex/latex/babel-english\englis
h.ldf
Language: english 2017/06/06 v3.3r English support from the babel system
Package babel Info: Hyphen rules for 'canadian' set to \l@english
(babel)             (\language0). Reported on input line 102.
Package babel Info: Hyphen rules for 'australian' set to \l@ukenglish
(babel)             (\language73). Reported on input line 105.
Package babel Info: Hyphen rules for 'newzealand' set to \l@ukenglish
(babel)             (\language73). Reported on input line 108.
))
(C:\Users\Maurizio\AppData\Local\Programs\MiKTeX\tex/latex/base\inputenc.sty
Package: inputenc 2021/02/14 v1.3d Input encoding file
\inpenc@prehook=\toks18
\inpenc@posthook=\toks19
)
(C:\Users\Maurizio\AppData\Local\Programs\MiKTeX\tex/latex/base\fontenc.sty
Package: fontenc 2021/04/29 v2.0v Standard LaTeX package
)
(C:\Users\Maurizio\AppData\Local\Programs\MiKTeX\tex/latex/cancel\cancel.sty
Package: cancel 2013/04/12 v2.2 Cancel math terms
)
(C:\Users\Maurizio\AppData\Local\Programs\MiKTeX\tex/latex/amsmath\amsmath.sty
Package: amsmath 2021/10/15 v2.17l AMS math features
\@mathmargin=\skip49

For additional information on amsmath, use the `?' option.
(C:\Users\Maurizio\AppData\Local\Programs\MiKTeX\tex/latex/amsmath\amstext.sty
Package: amstext 2021/08/26 v2.01 AMS text

(C:\Users\Maurizio\AppData\Local\Programs\MiKTeX\tex/latex/amsmath\amsgen.sty
File: amsgen.sty 1999/11/30 v2.0 generic functions
\@emptytoks=\toks20
\ex@=\dimen148
)) (C:\Users\Maurizio\AppData\Local\Programs\MiKTeX\tex/latex/amsmath\amsbsy.st
y
Package: amsbsy 1999/11/29 v1.2d Bold Symbols
\pmbraise@=\dimen149
) (C:\Users\Maurizio\AppData\Local\Programs\MiKTeX\tex/latex/amsmath\amsopn.sty
Package: amsopn 2021/08/26 v2.02 operator names
)
\inf@bad=\count197
LaTeX Info: Redefining \frac on input line 234.
\uproot@=\count198
\leftroot@=\count199
LaTeX Info: Redefining \overline on input line 399.
\classnum@=\count266
\DOTSCASE@=\count267
LaTeX Info: Redefining \ldots on input line 496.
LaTeX Info: Redefining \dots on input line 499.
LaTeX Info: Redefining \cdots on input line 620.
\Mathstrutbox@=\box50
\strutbox@=\box51
\big@size=\dimen150
LaTeX Font Info:    Redeclaring font encoding OML on input line 743.
LaTeX Font Info:    Redeclaring font encoding OMS on input line 744.
\macc@depth=\count268
\c@MaxMatrixCols=\count269
\dotsspace@=\muskip16
\c@parentequation=\count270
\dspbrk@lvl=\count271
\tag@help=\toks21
\row@=\count272
\column@=\count273
\maxfields@=\count274
\andhelp@=\toks22
\eqnshift@=\dimen151
\alignsep@=\dimen152
\tagshift@=\dimen153
\tagwidth@=\dimen154
\totwidth@=\dimen155
\lineht@=\dimen156
\@envbody=\toks23
\multlinegap=\skip50
\multlinetaggap=\skip51
\mathdisplay@stack=\toks24
LaTeX Info: Redefining \[ on input line 2938.
LaTeX Info: Redefining \] on input line 2939.
)
(C:\Users\Maurizio\AppData\Local\Programs\MiKTeX\tex/latex/amsfonts\amsfonts.st
y
Package: amsfonts 2013/01/14 v3.01 Basic AMSFonts support
\symAMSa=\mathgroup4
\symAMSb=\mathgroup5
LaTeX Font Info:    Redeclaring math symbol \hbar on input line 98.
LaTeX Font Info:    Overwriting math alphabet `\mathfrak' in version `bold'
(Font)                  U/euf/m/n --> U/euf/b/n on input line 106.
)
(C:\Users\Maurizio\AppData\Local\Programs\MiKTeX\tex/latex/doublestroke\dsfont.
sty
Package: dsfont 1995/08/01 v0.1 Double stroke roman fonts
)
(C:\Users\Maurizio\AppData\Local\Programs\MiKTeX\tex/latex/listings\listings.st
y
\lst@mode=\count275
\lst@gtempboxa=\box52
\lst@token=\toks25
\lst@length=\count276
\lst@currlwidth=\dimen157
\lst@column=\count277
\lst@pos=\count278
\lst@lostspace=\dimen158
\lst@width=\dimen159
\lst@newlines=\count279
\lst@lineno=\count280
\lst@maxwidth=\dimen160

(C:\Users\Maurizio\AppData\Local\Programs\MiKTeX\tex/latex/listings\lstmisc.sty
File: lstmisc.sty 2020/03/24 1.8d (Carsten Heinz)
\c@lstnumber=\count281
\lst@skipnumbers=\count282
\lst@framebox=\box53
)
(C:\Users\Maurizio\AppData\Local\Programs\MiKTeX\tex/latex/listings\listings.cf
g
File: listings.cfg 2020/03/24 1.8d listings configuration
))
Package: listings 2020/03/24 1.8d (Carsten Heinz)

(C:\Users\Maurizio\AppData\Local\Programs\MiKTeX\tex/latex/hyperref\hyperref.st
y
Package: hyperref 2021-06-07 v7.00m Hypertext links for LaTeX

(C:\Users\Maurizio\AppData\Local\Programs\MiKTeX\tex/generic/ltxcmds\ltxcmds.st
y
Package: ltxcmds 2020-05-10 v1.25 LaTeX kernel commands for general use (HO)
)
(C:\Users\Maurizio\AppData\Local\Programs\MiKTeX\tex/generic/pdftexcmds\pdftexc
mds.sty
Package: pdftexcmds 2020-06-27 v0.33 Utility functions of pdfTeX for LuaTeX (HO
)

(C:\Users\Maurizio\AppData\Local\Programs\MiKTeX\tex/generic/infwarerr\infwarer
r.sty
Package: infwarerr 2019/12/03 v1.5 Providing info/warning/error messages (HO)
)
Package pdftexcmds Info: \pdf@primitive is available.
Package pdftexcmds Info: \pdf@ifprimitive is available.
Package pdftexcmds Info: \pdfdraftmode found.
)
(C:\Users\Maurizio\AppData\Local\Programs\MiKTeX\tex/generic/kvsetkeys\kvsetkey
s.sty
Package: kvsetkeys 2019/12/15 v1.18 Key value parser (HO)
)
(C:\Users\Maurizio\AppData\Local\Programs\MiKTeX\tex/generic/kvdefinekeys\kvdef
inekeys.sty
Package: kvdefinekeys 2019-12-19 v1.6 Define keys (HO)
)
(C:\Users\Maurizio\AppData\Local\Programs\MiKTeX\tex/generic/pdfescape\pdfescap
e.sty
Package: pdfescape 2019/12/09 v1.15 Implements pdfTeX's escape features (HO)
)
(C:\Users\Maurizio\AppData\Local\Programs\MiKTeX\tex/latex/hycolor\hycolor.sty
Package: hycolor 2020-01-27 v1.10 Color options for hyperref/bookmark (HO)
)
(C:\Users\Maurizio\AppData\Local\Programs\MiKTeX\tex/latex/letltxmacro\letltxma
cro.sty
Package: letltxmacro 2019/12/03 v1.6 Let assignment for LaTeX macros (HO)
)
(C:\Users\Maurizio\AppData\Local\Programs\MiKTeX\tex/latex/auxhook\auxhook.sty
Package: auxhook 2019-12-17 v1.6 Hooks for auxiliary files (HO)
)
(C:\Users\Maurizio\AppData\Local\Programs\MiKTeX\tex/latex/kvoptions\kvoptions.
sty
Package: kvoptions 2020-10-07 v3.14 Key value format for package options (HO)
)
\@linkdim=\dimen161
\Hy@linkcounter=\count283
\Hy@pagecounter=\count284

(C:\Users\Maurizio\AppData\Local\Programs\MiKTeX\tex/latex/hyperref\pd1enc.def
File: pd1enc.def 2021-06-07 v7.00m Hyperref: PDFDocEncoding definition (HO)
Now handling font encoding PD1 ...
... no UTF-8 mapping file for font encoding PD1
)
(C:\Users\Maurizio\AppData\Local\Programs\MiKTeX\tex/latex/hyperref\hyperref-la
ngpatches.def
File: hyperref-langpatches.def 2021-06-07 v7.00m Hyperref: patches for babel la
nguages
)
(C:\Users\Maurizio\AppData\Local\Programs\MiKTeX\tex/generic/intcalc\intcalc.st
y
Package: intcalc 2019/12/15 v1.3 Expandable calculations with integers (HO)
)
(C:\Users\Maurizio\AppData\Local\Programs\MiKTeX\tex/generic/etexcmds\etexcmds.
sty
Package: etexcmds 2019/12/15 v1.7 Avoid name clashes with e-TeX commands (HO)
)
\Hy@SavedSpaceFactor=\count285

(C:\Users\Maurizio\AppData\Local\Programs\MiKTeX\tex/latex/hyperref\puenc.def
File: puenc.def 2021-06-07 v7.00m Hyperref: PDF Unicode definition (HO)
Now handling font encoding PU ...
... no UTF-8 mapping file for font encoding PU
)
Package hyperref Info: Hyper figures OFF on input line 4192.
Package hyperref Info: Link nesting OFF on input line 4197.
Package hyperref Info: Hyper index ON on input line 4200.
Package hyperref Info: Plain pages OFF on input line 4207.
Package hyperref Info: Backreferencing OFF on input line 4212.
Package hyperref Info: Implicit mode ON; LaTeX internals redefined.
Package hyperref Info: Bookmarks ON on input line 4445.
\c@Hy@tempcnt=\count286

(C:\Users\Maurizio\AppData\Local\Programs\MiKTeX\tex/latex/url\url.sty
\Urlmuskip=\muskip17
Package: url 2013/09/16  ver 3.4  Verb mode for urls, etc.
)
LaTeX Info: Redefining \url on input line 4804.
\XeTeXLinkMargin=\dimen162

(C:\Users\Maurizio\AppData\Local\Programs\MiKTeX\tex/generic/bitset\bitset.sty
Package: bitset 2019/12/09 v1.3 Handle bit-vector datatype (HO)

(C:\Users\Maurizio\AppData\Local\Programs\MiKTeX\tex/generic/bigintcalc\bigintc
alc.sty
Package: bigintcalc 2019/12/15 v1.5 Expandable calculations on big integers (HO
)
))
\Fld@menulength=\count287
\Field@Width=\dimen163
\Fld@charsize=\dimen164
Package hyperref Info: Hyper figures OFF on input line 6076.
Package hyperref Info: Link nesting OFF on input line 6081.
Package hyperref Info: Hyper index ON on input line 6084.
Package hyperref Info: backreferencing OFF on input line 6091.
Package hyperref Info: Link coloring OFF on input line 6096.
Package hyperref Info: Link coloring with OCG OFF on input line 6101.
Package hyperref Info: PDF/A mode OFF on input line 6106.
LaTeX Info: Redefining \ref on input line 6146.
LaTeX Info: Redefining \pageref on input line 6150.

(C:\Users\Maurizio\AppData\Local\Programs\MiKTeX\tex/latex/base\atbegshi-ltx.st
y
Package: atbegshi-ltx 2021/01/10 v1.0c Emulation of the original atbegshi
package with kernel methods
)
\Hy@abspage=\count288
\c@Item=\count289
\c@Hfootnote=\count290
)
Package hyperref Info: Driver (autodetected): hpdftex.

(C:\Users\Maurizio\AppData\Local\Programs\MiKTeX\tex/latex/hyperref\hpdftex.def
File: hpdftex.def 2021-06-07 v7.00m Hyperref driver for pdfTeX

(C:\Users\Maurizio\AppData\Local\Programs\MiKTeX\tex/latex/base\atveryend-ltx.s
ty
Package: atveryend-ltx 2020/08/19 v1.0a Emulation of the original atveryend pac
kage
with kernel methods
)
\Fld@listcount=\count291
\c@bookmark@seq@number=\count292

(C:\Users\Maurizio\AppData\Local\Programs\MiKTeX\tex/latex/rerunfilecheck\rerun
filecheck.sty
Package: rerunfilecheck 2019/12/05 v1.9 Rerun checks for auxiliary files (HO)

(C:\Users\Maurizio\AppData\Local\Programs\MiKTeX\tex/generic/uniquecounter\uniq
uecounter.sty
Package: uniquecounter 2019/12/15 v1.4 Provide unlimited unique counter (HO)
)
Package uniquecounter Info: New unique counter `rerunfilecheck' on input line 2
86.
)
\Hy@SectionHShift=\skip52
)
(C:\Users\Maurizio\AppData\Local\Programs\MiKTeX\tex/latex/siunitx\siunitx.sty
Package: siunitx 2022-02-15 v3.0.49 A comprehensive (SI) units package
\l__siunitx_angle_tmp_dim=\dimen165
\l__siunitx_angle_marker_box=\box54
\l__siunitx_angle_unit_box=\box55
\l__siunitx_compound_count_int=\count293

(C:\Users\Maurizio\AppData\Local\Programs\MiKTeX\tex/latex/translations\transla
tions.sty
Package: translations 2022/02/05 v1.12 internationalization of LaTeX2e packages
 (CN)

(C:\Users\Maurizio\AppData\Local\Programs\MiKTeX\tex/latex/etoolbox\etoolbox.st
y
Package: etoolbox 2020/10/05 v2.5k e-TeX tools for LaTeX (JAW)
\etb@tempcnta=\count294
))
\l__siunitx_number_exponent_fixed_int=\count295
\l__siunitx_number_min_decimal_int=\count296
\l__siunitx_number_min_integer_int=\count297
\l__siunitx_number_round_precision_int=\count298
\l__siunitx_number_group_minimum_int=\count299
\l__siunitx_table_tmp_box=\box56
\l__siunitx_table_tmp_dim=\dimen166
\l__siunitx_table_column_width_dim=\dimen167
\l__siunitx_table_integer_box=\box57
\l__siunitx_table_decimal_box=\box58
\l__siunitx_table_before_box=\box59
\l__siunitx_table_after_box=\box60
\l__siunitx_table_before_dim=\dimen168
\l__siunitx_table_carry_dim=\dimen169
\l__siunitx_unit_tmp_int=\count300
\l__siunitx_unit_position_int=\count301
\l__siunitx_unit_total_int=\count302

(C:\Users\Maurizio\AppData\Local\Programs\MiKTeX\tex/latex/l3packages/l3keys2e\
l3keys2e.sty
(C:\Users\Maurizio\AppData\Local\Programs\MiKTeX\tex/latex/l3kernel\expl3.sty
Package: expl3 2021-11-22 L3 programming layer (loader) 

(C:\Users\Maurizio\AppData\Local\Programs\MiKTeX\tex/latex/l3backend\l3backend-
pdftex.def
File: l3backend-pdftex.def 2021-10-18 L3 backend support: PDF output (pdfTeX)
\l__color_backend_stack_int=\count303
\l__pdf_internal_box=\box61
))
Package: l3keys2e 2021-11-12 LaTeX2e option processing using LaTeX3 keys
)
(C:\Users\Maurizio\AppData\Local\Programs\MiKTeX\tex/latex/tools\array.sty
Package: array 2021/10/04 v2.5f Tabular extension package (FMi)
\col@sep=\dimen170
\ar@mcellbox=\box62
\extrarowheight=\dimen171
\NC@list=\toks26
\extratabsurround=\skip53
\backup@length=\skip54
\ar@cellbox=\box63
))
(C:\Users\Maurizio\AppData\Local\Programs\MiKTeX\tex/latex/fancyhdr\fancyhdr.st
y
Package: fancyhdr 2021/01/28 v4.0.1 Extensive control of page headers and foote
rs
\f@nch@headwidth=\skip55
\f@nch@O@elh=\skip56
\f@nch@O@erh=\skip57
\f@nch@O@olh=\skip58
\f@nch@O@orh=\skip59
\f@nch@O@elf=\skip60
\f@nch@O@erf=\skip61
\f@nch@O@olf=\skip62
\f@nch@O@orf=\skip63
) (C:\Users\Maurizio\AppData\Local\Programs\MiKTeX\tex/latex/base\textcomp.sty
Package: textcomp 2020/02/02 v2.0n Standard LaTeX package
)
(C:\Users\Maurizio\AppData\Local\Programs\MiKTeX\tex/latex/makecell\makecell.st
y
Package: makecell 2009/08/03 V0.1e Managing of Tab Column Heads and Cells
\rotheadsize=\dimen172
\c@nlinenum=\count304
\TeXr@lab=\toks27
)
(C:\Users\Maurizio\AppData\Local\Programs\MiKTeX\tex/latex/caption\caption.sty
Package: caption 2022/02/20 v3.6 Customizing captions (AR)

(C:\Users\Maurizio\AppData\Local\Programs\MiKTeX\tex/latex/caption\caption3.sty
Package: caption3 2022/01/07 v2.3 caption3 kernel (AR)
\caption@tempdima=\dimen173
\captionmargin=\dimen174
\caption@leftmargin=\dimen175
\caption@rightmargin=\dimen176
\caption@width=\dimen177
\caption@indent=\dimen178
\caption@parindent=\dimen179
\caption@hangindent=\dimen180
Package caption Info: Standard document class detected.
)
\c@caption@flags=\count305
\c@continuedfloat=\count306
Package caption Info: hyperref package is loaded.
Package caption Info: listings package is loaded.
)
(C:\Users\Maurizio\AppData\Local\Programs\MiKTeX\tex/latex/pdfpages\pdfpages.st
y
Package: pdfpages 2022/01/29 v0.5u Insert pages of external PDF documents (AM)
 (C:\Users\Maurizio\AppData\Local\Programs\MiKTeX\tex/latex/base\ifthen.sty
Package: ifthen 2020/11/24 v1.1c Standard LaTeX ifthen package (DPC)
)
(C:\Users\Maurizio\AppData\Local\Programs\MiKTeX\tex/latex/tools\calc.sty
Package: calc 2017/05/25 v4.3 Infix arithmetic (KKT,FJ)
\calc@Acount=\count307
\calc@Bcount=\count308
\calc@Adimen=\dimen181
\calc@Bdimen=\dimen182
\calc@Askip=\skip64
\calc@Bskip=\skip65
LaTeX Info: Redefining \setlength on input line 80.
LaTeX Info: Redefining \addtolength on input line 81.
\calc@Ccount=\count309
\calc@Cskip=\skip66
)
(C:\Users\Maurizio\AppData\Local\Programs\MiKTeX\tex/latex/eso-pic\eso-pic.sty
Package: eso-pic 2020/10/14 v3.0a eso-pic (RN)
\ESO@tempdima=\dimen183
\ESO@tempdimb=\dimen184

(C:\Users\Maurizio\AppData\Local\Programs\MiKTeX\tex/latex/xcolor\xcolor.sty
Package: xcolor 2021/10/31 v2.13 LaTeX color extensions (UK)

(C:\Users\Maurizio\AppData\Local\Programs\MiKTeX\tex/latex/graphics-cfg\color.c
fg
File: color.cfg 2016/01/02 v1.6 sample color configuration
)
Package xcolor Info: Driver file: pdftex.def on input line 227.

(C:\Users\Maurizio\AppData\Local\Programs\MiKTeX\tex/latex/graphics-def\pdftex.
def
File: pdftex.def 2020/10/05 v1.2a Graphics/color driver for pdftex
)
Package xcolor Info: Model `cmy' substituted by `cmy0' on input line 1352.
Package xcolor Info: Model `hsb' substituted by `rgb' on input line 1356.
Package xcolor Info: Model `RGB' extended on input line 1368.
Package xcolor Info: Model `HTML' substituted by `rgb' on input line 1370.
Package xcolor Info: Model `Hsb' substituted by `hsb' on input line 1371.
Package xcolor Info: Model `tHsb' substituted by `hsb' on input line 1372.
Package xcolor Info: Model `HSB' substituted by `hsb' on input line 1373.
Package xcolor Info: Model `Gray' substituted by `gray' on input line 1374.
Package xcolor Info: Model `wave' substituted by `hsb' on input line 1375.
))
(C:\Users\Maurizio\AppData\Local\Programs\MiKTeX\tex/latex/graphics\graphicx.st
y
Package: graphicx 2021/09/16 v1.2d Enhanced LaTeX Graphics (DPC,SPQR)

(C:\Users\Maurizio\AppData\Local\Programs\MiKTeX\tex/latex/graphics\graphics.st
y
Package: graphics 2021/03/04 v1.4d Standard LaTeX Graphics (DPC,SPQR)
 (C:\Users\Maurizio\AppData\Local\Programs\MiKTeX\tex/latex/graphics\trig.sty
Package: trig 2021/08/11 v1.11 sin cos tan (DPC)
)
(C:\Users\Maurizio\AppData\Local\Programs\MiKTeX\tex/latex/graphics-cfg\graphic
s.cfg
File: graphics.cfg 2016/06/04 v1.11 sample graphics configuration
)
Package graphics Info: Driver file: pdftex.def on input line 107.
)
\Gin@req@height=\dimen185
\Gin@req@width=\dimen186
)
\AM@pagewidth=\dimen187
\AM@pageheight=\dimen188
\AM@fboxrule=\dimen189

(C:\Users\Maurizio\AppData\Local\Programs\MiKTeX\tex/latex/pdfpages\pppdftex.de
f
File: pppdftex.def 2022/01/29 v0.5u Pdfpages driver for pdfTeX (AM)
)
\pdfpages@includegraphics@status=\count310
\AM@pagebox=\box64
\AM@global@opts=\toks28
\AM@pagecnt=\count311
\AM@toc@title=\toks29
\c@AM@survey=\count312
\AM@templatesizebox=\box65
)
(C:\Users\Maurizio\AppData\Local\Programs\MiKTeX\tex/latex/tools\multicol.sty
Package: multicol 2021/10/28 v1.9b multicolumn formatting (FMi)
\c@tracingmulticols=\count313
\mult@box=\box66
\multicol@leftmargin=\dimen190
\c@unbalance=\count314
\c@collectmore=\count315
\doublecol@number=\count316
\multicoltolerance=\count317
\multicolpretolerance=\count318
\full@width=\dimen191
\page@free=\dimen192
\premulticols=\dimen193
\postmulticols=\dimen194
\multicolsep=\skip67
\multicolbaselineskip=\skip68
\partial@page=\box67
\last@line=\box68
\maxbalancingoverflow=\dimen195
\mult@rightbox=\box69
\mult@grightbox=\box70
\mult@firstbox=\box71
\mult@gfirstbox=\box72
\@tempa=\box73
\@tempa=\box74
\@tempa=\box75
\@tempa=\box76
\@tempa=\box77
\@tempa=\box78
\@tempa=\box79
\@tempa=\box80
\@tempa=\box81
\@tempa=\box82
\@tempa=\box83
\@tempa=\box84
\@tempa=\box85
\@tempa=\box86
\@tempa=\box87
\@tempa=\box88
\@tempa=\box89
\@tempa=\box90
\@tempa=\box91
\@tempa=\box92
\@tempa=\box93
\@tempa=\box94
\@tempa=\box95
\@tempa=\box96
\@tempa=\box97
\@tempa=\box98
\@tempa=\box99
\@tempa=\box100
\@tempa=\box101
\@tempa=\box102
\@tempa=\box103
\@tempa=\box104
\@tempa=\box105
\@tempa=\box106
\@tempa=\box107
\@tempa=\box108
\c@minrows=\count319
\c@columnbadness=\count320
\c@finalcolumnbadness=\count321
\last@try=\dimen196
\multicolovershoot=\dimen197
\multicolundershoot=\dimen198
\mult@nat@firstbox=\box109
\colbreak@box=\box110
\mc@col@check@num=\count322
)
(C:\Users\Maurizio\AppData\Local\Programs\MiKTeX\tex/latex/algorithm2e\algorith
m2e.sty
Package: algorithm2e 2017/07/18 v5.2 algorithms environments
\c@AlgoLine=\count323
\algocf@hangindent=\skip69

(C:\Users\Maurizio\AppData\Local\Programs\MiKTeX\tex/latex/ifoddpage\ifoddpage.
sty
Package: ifoddpage 2016/04/23 v1.1 Conditionals for odd/even page detection
\c@checkoddpage=\count324
)
(C:\Users\Maurizio\AppData\Local\Programs\MiKTeX\tex/latex/tools\xspace.sty
Package: xspace 2014/10/28 v1.13 Space after command names (DPC,MH)
)
(C:\Users\Maurizio\AppData\Local\Programs\MiKTeX\tex/latex/relsize\relsize.sty
Package: relsize 2013/03/29 ver 4.1
)
\skiptotal=\skip70
\skiplinenumber=\skip71
\skiprule=\skip72
\skiphlne=\skip73
\skiptext=\skip74
\skiplength=\skip75
\algomargin=\skip76
\skipalgocfslide=\skip77
\algowidth=\dimen199
\inoutsize=\dimen256
\inoutindent=\dimen257
\interspacetitleruled=\dimen258
\interspacealgoruled=\dimen259
\interspacetitleboxruled=\dimen260
\algocf@ruledwidth=\skip78
\algocf@inoutbox=\box111
\algocf@inputbox=\box112
\AlCapSkip=\skip79
\AlCapHSkip=\skip80
\algoskipindent=\skip81
\algocf@nlbox=\box113
\algocf@hangingbox=\box114
\algocf@untilbox=\box115
\algocf@skipuntil=\skip82
\algocf@capbox=\box116
\algocf@lcaptionbox=\skip83
\algoheightruledefault=\skip84
\algoheightrule=\skip85
\algotitleheightruledefault=\skip86
\algotitleheightrule=\skip87
\c@algocfline=\count325
\c@algocfproc=\count326
\c@algocf=\count327
\algocf@algoframe=\box117
\algocf@algobox=\box118
) (C:\Users\Maurizio\AppData\Local\Programs\MiKTeX\tex/generic/soul\soul.sty
Package: soul 2003/11/17 v2.4 letterspacing/underlining (mf)
\SOUL@word=\toks30
\SOUL@lasttoken=\toks31
\SOUL@cmds=\toks32
\SOUL@buffer=\toks33
\SOUL@token=\toks34
\SOUL@spaceskip=\skip88
\SOUL@ttwidth=\dimen261
\SOUL@uldp=\dimen262
\SOUL@ulht=\dimen263
)
(C:\Users\Maurizio\AppData\Local\Programs\MiKTeX\tex/latex/mhchem\mhchem.sty
Package: mhchem 2021/12/31 v4.09 for typesetting chemical formulae

(C:\Users\Maurizio\AppData\Local\Programs\MiKTeX\tex/latex/chemgreek\chemgreek.
sty
(C:\Users\Maurizio\AppData\Local\Programs\MiKTeX\tex/latex/l3packages/xparse\xp
arse.sty
Package: xparse 2021-11-12 L3 Experimental document command parser
)
Package: chemgreek 2020/01/16 v1.1a interface for upright Greek letters for use
 in chemistry (CN)
\l__chemgreek_tmpa_int=\count328
\g__chemgreek_tmpa_int=\count329
)
\l__mhchem_ce_distanceFromLastComma_int=\count330
\__mhchem_arrow_extPgfLength_skip=\skip89
\mhchem@minispace@tmp=\skip90
\mhchem@minibackspace@tmp=\skip91
\mhchem@bondwidth=\skip92
\mhchem@bondheight=\skip93
\mhchem@smallbondwidth@tmpA=\skip94
\mhchem@smallbondwidth@tmpB=\skip95
\mhchem@smallbondwidth=\skip96
\mhchem@bondtmp@minussidebearingleft=\skip97
\mhchem@bondtmp@minussidebearingright=\skip98
\l__mhchem_option_version_int=\count331
\mhchem@option@minusmathsidebearingleft=\dimen264
\mhchem@option@minusmathsidebearingright=\dimen265
\mhchem@option@minustextsidebearingleft=\dimen266
\mhchem@option@minustextsidebearingright=\dimen267


Package mhchem Warning: You did not specify a 'version' option for the mhchem
(mhchem)                package. Please write \usepackage[version=4]{mhchem}
(mhchem)                in your preamble (or any lower number for
(mhchem)                compatibility mode), because you might get slightly
(mhchem)                different output with the same input in future versions
.

)
(C:\Users\Maurizio\AppData\Local\Programs\MiKTeX\tex/latex/appendix\appendix.st
y
Package: appendix 2020/02/08 v1.2c extra appendix facilities
\c@@pps=\count332
\c@@ppsavesec=\count333
\c@@ppsaveapp=\count334
) (C:\Users\Maurizio\AppData\Local\Programs\MiKTeX\tex/latex/float\float.sty
Package: float 2001/11/08 v1.3d Float enhancements (AL)
\c@float@type=\count335
\float@exts=\toks35
\float@box=\box119
\@float@everytoks=\toks36
\@floatcapt=\box120
)
(C:\Users\Maurizio\AppData\Local\Programs\MiKTeX\tex/latex/wrapfig\wrapfig.sty
\wrapoverhang=\dimen268
\WF@size=\dimen269
\c@WF@wrappedlines=\count336
\WF@box=\box121
\WF@everypar=\toks37
Package: wrapfig 2003/01/31  v 3.6
) (C:\Users\Maurizio\AppData\Local\Programs\MiKTeX\tex/latex/braket\braket.sty)

(C:\Users\Maurizio\AppData\Local\Programs\MiKTeX\tex/latex/mathtools\mathtools.
sty
Package: mathtools 2022/02/07 v1.28a mathematical typesetting tools

(C:\Users\Maurizio\AppData\Local\Programs\MiKTeX\tex/latex/mathtools\mhsetup.st
y
Package: mhsetup 2021/03/18 v1.4 programming setup (MH)
)
\g_MT_multlinerow_int=\count337
\l_MT_multwidth_dim=\dimen270
\origjot=\skip99
\l_MT_shortvdotswithinadjustabove_dim=\dimen271
\l_MT_shortvdotswithinadjustbelow_dim=\dimen272
\l_MT_above_intertext_sep=\dimen273
\l_MT_below_intertext_sep=\dimen274
\l_MT_above_shortintertext_sep=\dimen275
\l_MT_below_shortintertext_sep=\dimen276
\xmathstrut@box=\box122
\xmathstrut@dim=\dimen277
)
(C:\Users\Maurizio\AppData\Local\Programs\MiKTeX\tex/latex/physics\physics.sty
Package: physics 
)
(C:\Users\Maurizio\AppData\Local\Programs\MiKTeX\tex/latex/caption\subcaption.s
ty
Package: subcaption 2022/01/07 v1.5 Sub-captions (AR)
\c@subfigure=\count338
\c@subtable=\count339
))
No file principal.aux.
\openout1 = `principal.aux'.

LaTeX Font Info:    Checking defaults for OML/cmm/m/it on input line 10.
LaTeX Font Info:    ... okay on input line 10.
LaTeX Font Info:    Checking defaults for OMS/cmsy/m/n on input line 10.
LaTeX Font Info:    ... okay on input line 10.
LaTeX Font Info:    Checking defaults for OT1/cmr/m/n on input line 10.
LaTeX Font Info:    ... okay on input line 10.
LaTeX Font Info:    Checking defaults for T1/cmr/m/n on input line 10.
LaTeX Font Info:    ... okay on input line 10.
LaTeX Font Info:    Checking defaults for TS1/cmr/m/n on input line 10.
LaTeX Font Info:    ... okay on input line 10.
LaTeX Font Info:    Checking defaults for OMX/cmex/m/n on input line 10.
LaTeX Font Info:    ... okay on input line 10.
LaTeX Font Info:    Checking defaults for U/cmr/m/n on input line 10.
LaTeX Font Info:    ... okay on input line 10.
LaTeX Font Info:    Checking defaults for PD1/pdf/m/n on input line 10.
LaTeX Font Info:    ... okay on input line 10.
LaTeX Font Info:    Checking defaults for PU/pdf/m/n on input line 10.
LaTeX Font Info:    ... okay on input line 10.
*geometry* driver: auto-detecting
*geometry* detected driver: pdftex
*geometry* verbose mode - [ preamble ] result:
* driver: pdftex
* paper: a4paper
* layout: <same size as paper>
* layoutoffset:(h,v)=(0.0pt,0.0pt)
* modes: 
* h-part:(L,W,R)=(81.94394pt, 433.62pt, 81.94394pt)
* v-part:(T,H,B)=(106.75473pt, 578.15999pt, 160.13213pt)
* \paperwidth=597.50787pt
* \paperheight=845.04684pt
* \textwidth=433.62pt
* \textheight=578.15999pt
* \oddsidemargin=9.67395pt
* \evensidemargin=9.67395pt
* \topmargin=4.41725pt
* \headheight=12.0pt
* \headsep=18.06749pt
* \topskip=10.0pt
* \footskip=25.29494pt
* \marginparwidth=69.0pt
* \marginparsep=7.0pt
* \columnsep=10.0pt
* \skip\footins=9.0pt plus 4.0pt minus 2.0pt
* \hoffset=0.0pt
* \voffset=0.0pt
* \mag=1000
* \@twocolumnfalse
* \@twosidefalse
* \@mparswitchfalse
* \@reversemarginfalse
* (1in=72.27pt=25.4mm, 1cm=28.453pt)

\c@lstlisting=\count340
Package hyperref Info: Link coloring OFF on input line 10.

(C:\Users\Maurizio\AppData\Local\Programs\MiKTeX\tex/latex/hyperref\nameref.sty
Package: nameref 2021-04-02 v2.47 Cross-referencing by name of section

(C:\Users\Maurizio\AppData\Local\Programs\MiKTeX\tex/latex/refcount\refcount.st
y
Package: refcount 2019/12/15 v3.6 Data extraction from label references (HO)
)
(C:\Users\Maurizio\AppData\Local\Programs\MiKTeX\tex/generic/gettitlestring\get
titlestring.sty
Package: gettitlestring 2019/12/15 v1.6 Cleanup title references (HO)
)
\c@section@level=\count341
)
LaTeX Info: Redefining \ref on input line 10.
LaTeX Info: Redefining \pageref on input line 10.
LaTeX Info: Redefining \nameref on input line 10.
\@outlinefile=\write3
\openout3 = `principal.out'.


(C:\Users\Maurizio\AppData\Local\Programs\MiKTeX\tex/latex/translations/dicts\t
ranslations-basic-dictionary-english.trsl
File: translations-basic-dictionary-english.trsl (english translation file `tra
nslations-basic-dictionary')
)
Package translations Info: loading dictionary `translations-basic-dictionary' f
or `english'. on input line 10.
Package caption Info: Begin \AtBeginDocument code.
Package caption Info: float package is loaded.
Package caption Info: wrapfig package is loaded.
Package caption Info: End \AtBeginDocument code.

(C:\Users\Maurizio\AppData\Local\Programs\MiKTeX\tex/context/base/mkii\supp-pdf
.mkii
[Loading MPS to PDF converter (version 2006.09.02).]
\scratchcounter=\count342
\scratchdimen=\dimen278
\scratchbox=\box123
\nofMPsegments=\count343
\nofMParguments=\count344
\everyMPshowfont=\toks38
\MPscratchCnt=\count345
\MPscratchDim=\dimen279
\MPnumerator=\count346
\makeMPintoPDFobject=\count347
\everyMPtoPDFconversion=\toks39
)
(C:\Users\Maurizio\AppData\Local\Programs\MiKTeX\tex/latex/epstopdf-pkg\epstopd
f-base.sty
Package: epstopdf-base 2020-01-24 v2.11 Base part for package epstopdf
Package epstopdf-base Info: Redefining graphics rule for `.eps' on input line 4
85.

(C:\Users\Maurizio\AppData\Local\Programs\MiKTeX\tex/latex/00miktex\epstopdf-sy
s.cfg
File: epstopdf-sys.cfg 2021/03/18 v2.0 Configuration of epstopdf for MiKTeX
))
(C:\Users\Maurizio\AppData\Local\Programs\MiKTeX\tex/latex/pdflscape\pdflscape.
sty
Package: pdflscape 2019/12/05 v0.12 Display of landscape pages in PDF (HO)

(C:\Users\Maurizio\AppData\Local\Programs\MiKTeX\tex/latex/graphics\lscape.sty
Package: lscape 2020/05/28 v3.02 Landscape Pages (DPC)
)
Package pdflscape Info: Auto-detected driver: pdftex on input line 81.
)

Package chemgreek Info: Activating mapping `default' on line 10.

LaTeX Font Info:    Trying to load font information for U+msa on input line 12.

 (C:\Users\Maurizio\AppData\Local\Programs\MiKTeX\tex/latex/amsfonts\umsa.fd
File: umsa.fd 2013/01/14 v3.01 AMS symbols A
)
LaTeX Font Info:    Trying to load font information for U+msb on input line 12.


(C:\Users\Maurizio\AppData\Local\Programs\MiKTeX\tex/latex/amsfonts\umsb.fd
File: umsb.fd 2013/01/14 v3.01 AMS symbols B
)
[1


{C:/Users/Maurizio/AppData/Local/MiKTeX/fonts/map/pdftex/pdftex.map}]
\tf@toc=\write4
\openout4 = `principal.toc'.


(chapters/EcoliGenomics.tex
pdfTeX warning (ext4): destination with the same identifier (name{page.1}) has 
been already used, duplicate ignored
<to be read again> 
                   \relax 
l.3 \chapter
            {\emph{Escherichia Coli} general informations} [1

]
Chapter 1.
[2

]

LaTeX Warning: Reference `corepangenome' on page 3 undefined on input line 47.


LaTeX Warning: Reference `balancepancore' on page 3 undefined on input line 77.


[3]) (chapters/03-NGS-principles-DeSanctisFile.tex [4]
Chapter 2.
<chapters/images/03//history-seq.png, id=47, 540.0175pt x 296.10625pt>
File: chapters/images/03//history-seq.png Graphic file (type png)
<use chapters/images/03//history-seq.png>
Package pdftex.def Info: chapters/images/03//history-seq.png  used on input lin
e 7.
(pdftex.def)             Requested size: 260.17464pt x 142.66252pt.

LaTeX Warning: Reference `discoveries-sequencing' on page 5 undefined on input 
line 11.

<chapters/images/03//sequencingCost.png, id=49, 629.85312pt x 339.76938pt>
File: chapters/images/03//sequencingCost.png Graphic file (type png)
<use chapters/images/03//sequencingCost.png>
Package pdftex.def Info: chapters/images/03//sequencingCost.png  used on input 
line 20.
(pdftex.def)             Requested size: 260.17464pt x 140.34842pt.

LaTeX Warning: `h' float specifier changed to `ht'.

[5

 <./chapters/images/03//history-seq.png>]
<chapters/images/03//DNA-molecule.png, id=60, 700.6175pt x 190.7125pt>
File: chapters/images/03//DNA-molecule.png Graphic file (type png)
<use chapters/images/03//DNA-molecule.png>
Package pdftex.def Info: chapters/images/03//DNA-molecule.png  used on input li
ne 39.
(pdftex.def)             Requested size: 212.47617pt x 57.83693pt.
<chapters/images/03//chain-term.png, id=61, 480.79625pt x 185.19188pt>
File: chapters/images/03//chain-term.png Graphic file (type png)
<use chapters/images/03//chain-term.png>
Package pdftex.def Info: chapters/images/03//chain-term.png  used on input line
 46.
(pdftex.def)             Requested size: 212.47617pt x 81.84071pt.


LaTeX Warning: Reference `normalDNAaddition' on page 6 undefined on input line 
54.


LaTeX Warning: Reference `ChainTerm' on page 6 undefined on input line 54.

<chapters/images/03//Sanger.png, id=62, 659.46375pt x 405.01312pt>
File: chapters/images/03//Sanger.png Graphic file (type png)
<use chapters/images/03//Sanger.png>
Package pdftex.def Info: chapters/images/03//Sanger.png  used on input line 61.

(pdftex.def)             Requested size: 433.62pt x 266.3145pt.

LaTeX Warning: `h' float specifier changed to `ht'.


LaTeX Warning: Reference `Sanger' on page 6 undefined on input line 65.

[6 <./chapters/images/03//sequencingCost.png> <./chapters/images/03//DNA-molecu
le.png> <./chapters/images/03//chain-term.png>]
Underfull \hbox (badness 10000) in paragraph at lines 73--74

 []

[7 <./chapters/images/03//Sanger.png>]
<chapters/images/03//automaticSang.png, id=91, 396.48125pt x 307.64937pt>
File: chapters/images/03//automaticSang.png Graphic file (type png)
<use chapters/images/03//automaticSang.png>
Package pdftex.def Info: chapters/images/03//automaticSang.png  used on input l
ine 100.
(pdftex.def)             Requested size: 346.89731pt x 269.17844pt.


LaTeX Warning: `h' float specifier changed to `ht'.

<chapters/images/03//elettroferogramma.png, id=92, 376.90813pt x 175.15437pt>
File: chapters/images/03//elettroferogramma.png Graphic file (type png)
<use chapters/images/03//elettroferogramma.png>
Package pdftex.def Info: chapters/images/03//elettroferogramma.png  used on inp
ut line 112.
(pdftex.def)             Requested size: 346.89731pt x 161.20811pt.

LaTeX Warning: `h' float specifier changed to `ht'.

<chapters/images/03//progressSangerMachines.png, id=93, 575.14874pt x 291.58937
pt>
File: chapters/images/03//progressSangerMachines.png Graphic file (type png)
<use chapters/images/03//progressSangerMachines.png>
Package pdftex.def Info: chapters/images/03//progressSangerMachines.png  used o
n input line 119.
(pdftex.def)             Requested size: 346.89731pt x 175.87596pt.

LaTeX Warning: `h' float specifier changed to `ht'.


LaTeX Warning: Reference `progressSangerMachines' on page 8 undefined on input 
line 123.

<chapters/images/03//sequencingMachines.png, id=94, 510.40688pt x 347.79938pt>
File: chapters/images/03//sequencingMachines.png Graphic file (type png)
<use chapters/images/03//sequencingMachines.png>
Package pdftex.def Info: chapters/images/03//sequencingMachines.png  used on in
put line 137.
(pdftex.def)             Requested size: 433.62pt x 295.49287pt.
[8]
Overfull \vbox (56.51132pt too high) has occurred while \output is active []


[9 <./chapters/images/03//automaticSang.png> <./chapters/images/03//sequencingM
achines.png>]
<chapters/images/03//sequencingMachinesIllumina.png, id=116, 536.50438pt x 346.
79562pt>
File: chapters/images/03//sequencingMachinesIllumina.png Graphic file (type png
)
<use chapters/images/03//sequencingMachinesIllumina.png>
Package pdftex.def Info: chapters/images/03//sequencingMachinesIllumina.png  us
ed on input line 146.
(pdftex.def)             Requested size: 346.89731pt x 224.23444pt.
 [10 <./chapters/images/03//elettroferogramma.png> <./chapters/images/03//seque
ncingMachinesIllumina.png>]
<chapters/images/03//tagmentedFragments.png, id=127, 555.07375pt x 142.03062pt>

File: chapters/images/03//tagmentedFragments.png Graphic file (type png)
<use chapters/images/03//tagmentedFragments.png>
Package pdftex.def Info: chapters/images/03//tagmentedFragments.png  used on in
put line 174.
(pdftex.def)             Requested size: 346.89731pt x 88.76457pt.


LaTeX Warning: `h' float specifier changed to `ht'.

<chapters/images/03//clusterAmplification.png, id=128, 425.08812pt x 113.92563p
t>
File: chapters/images/03//clusterAmplification.png Graphic file (type png)
<use chapters/images/03//clusterAmplification.png>
Package pdftex.def Info: chapters/images/03//clusterAmplification.png  used on 
input line 185.
(pdftex.def)             Requested size: 260.17464pt x 69.73094pt.

LaTeX Warning: `h' float specifier changed to `ht'.


LaTeX Warning: Reference `clusters' on page 11 undefined on input line 191.

<chapters/images/03//rigidGeneration.png, id=129, 530.98375pt x 244.915pt>
File: chapters/images/03//rigidGeneration.png Graphic file (type png)
<use chapters/images/03//rigidGeneration.png>
Package pdftex.def Info: chapters/images/03//rigidGeneration.png  used on input
 line 196.
(pdftex.def)             Requested size: 346.89731pt x 160.00754pt.

LaTeX Warning: `h' float specifier changed to `ht'.


LaTeX Warning: Reference `rigid' on page 11 undefined on input line 200.


Underfull \hbox (badness 10000) in paragraph at lines 200--201

 []

[11 <./chapters/images/03//progressSangerMachines.png>]
<chapters/images/03//randomPatternCells.png, id=141, 384.93813pt x 258.9675pt>
File: chapters/images/03//randomPatternCells.png Graphic file (type png)
<use chapters/images/03//randomPatternCells.png>
Package pdftex.def Info: chapters/images/03//randomPatternCells.png  used on in
put line 209.
(pdftex.def)             Requested size: 260.17464pt x 175.04445pt.

Underfull \hbox (badness 10000) in paragraph at lines 205--213

 []


LaTeX Warning: `h' float specifier changed to `ht'.


Underfull \hbox (badness 10000) in paragraph at lines 214--218

 []


Underfull \hbox (badness 10000) in paragraph at lines 214--218

 []

<chapters/images/03//singleIndex.png, id=143, 493.845pt x 294.60063pt>
File: chapters/images/03//singleIndex.png Graphic file (type png)
<use chapters/images/03//singleIndex.png>
Package pdftex.def Info: chapters/images/03//singleIndex.png  used on input lin
e 225.
(pdftex.def)             Requested size: 169.11153pt x 100.88211pt.
<chapters/images/03//doubleIndex.png, id=144, 524.45938pt x 258.9675pt>
File: chapters/images/03//doubleIndex.png Graphic file (type png)
<use chapters/images/03//doubleIndex.png>
Package pdftex.def Info: chapters/images/03//doubleIndex.png  used on input lin
e 231.
(pdftex.def)             Requested size: 260.17464pt x 128.47182pt.
[12 <./chapters/images/03//tagmentedFragments.png> <./chapters/images/03//clust
erAmplification.png>]

LaTeX Warning: Reference `singDoubInd' on page 13 undefined on input line 238.

<chapters/images/03//ILLUMINArev.png, id=154, 509.905pt x 252.44313pt>
File: chapters/images/03//ILLUMINArev.png Graphic file (type png)
<use chapters/images/03//ILLUMINArev.png>
Package pdftex.def Info: chapters/images/03//ILLUMINArev.png  used on input lin
e 244.
(pdftex.def)             Requested size: 303.53267pt x 150.28062pt.
[13 <./chapters/images/03//rigidGeneration.png> <./chapters/images/03//randomPa
tternCells.png> <./chapters/images/03//singleIndex.png> <./chapters/images/03//
doubleIndex.png>]

LaTeX Warning: Reference `ILLUMINArev' on page 14 undefined on input line 248.

<chapters/images/03//ChannelILLUMINA.png, id=166, 749.80125pt x 262.48062pt>
File: chapters/images/03//ChannelILLUMINA.png Graphic file (type png)
<use chapters/images/03//ChannelILLUMINA.png>
Package pdftex.def Info: chapters/images/03//ChannelILLUMINA.png  used on input
 line 253.
(pdftex.def)             Requested size: 346.89731pt x 121.43944pt.

LaTeX Warning: Reference `ChannelILLUMINA' on page 14 undefined on input line 2
57.


Underfull \hbox (badness 10000) in paragraph at lines 257--258

 []

[14 <./chapters/images/03//ILLUMINArev.png> <./chapters/images/03//ChannelILLUM
INA.png>]
<chapters/images/03//PacBIO.png, id=176, 589.70313pt x 363.3575pt>
File: chapters/images/03//PacBIO.png Graphic file (type png)
<use chapters/images/03//PacBIO.png>
Package pdftex.def Info: chapters/images/03//PacBIO.png  used on input line 274
.
(pdftex.def)             Requested size: 433.62pt x 267.18929pt.
) [15 <./chapters/images/03//PacBIO.png>] (principal.aux)

LaTeX Warning: There were undefined references.


LaTeX Warning: Label(s) may have changed. Rerun to get cross-references right.


Package rerunfilecheck Warning: File `principal.out' has changed.
(rerunfilecheck)                Rerun to get outlines right
(rerunfilecheck)                or use package `bookmark'.

Package rerunfilecheck Info: Checksums for `principal.out':
(rerunfilecheck)             Before: <no file>
(rerunfilecheck)             After:  47718E7649C9074E44B1158EC7CAB641;3838.
 ) 
Here is how much of TeX's memory you used:
 22764 strings out of 478659
 427273 string characters out of 2844499
 740505 words of memory out of 3000000
 40484 multiletter control sequences out of 15000+600000
 428048 words of font info for 83 fonts, out of 8000000 for 9000
 1141 hyphenation exceptions out of 8191
 75i,11n,82p,1305b,871s stack positions out of 5000i,500n,10000p,200000b,80000s
 <C:\Users\Maurizio\AppData\Local\MiKTeX\fonts/pk/ljfour/jknappen/ec/dpi600\t
cbx1000.pk> <C:\Users\Maurizio\AppData\Local\MiKTeX\fonts/pk/ljfour/jknappen/ec
/dpi600\ecti0900.pk> <C:\Users\Maurizio\AppData\Local\MiKTeX\fonts/pk/ljfour/jk
nappen/ec/dpi600\ecrm0800.pk> <C:\Users\Maurizio\AppData\Local\MiKTeX\fonts/pk/
ljfour/jknappen/ec/dpi600\ecbx0800.pk> <C:\Users\Maurizio\AppData\Local\MiKTeX\
fonts/pk/ljfour/jknappen/ec/dpi600\ecbx0900.pk> <C:\Users\Maurizio\AppData\Loca
l\MiKTeX\fonts/pk/ljfour/jknappen/ec/dpi600\ecbi1000.pk> <C:\Users\Maurizio\App
Data\Local\MiKTeX\fonts/pk/ljfour/jknappen/ec/dpi600\ecbx1000.pk> <C:\Users\Mau
rizio\AppData\Local\MiKTeX\fonts/pk/ljfour/jknappen/ec/dpi600\tcrm1000.pk> <C:\
Users\Maurizio\AppData\Local\MiKTeX\fonts/pk/ljfour/jknappen/ec/dpi600\ecbi1200
.pk> <C:\Users\Maurizio\AppData\Local\MiKTeX\fonts/pk/ljfour/jknappen/ec/dpi600
\ecbx1200.pk> <C:\Users\Maurizio\AppData\Local\MiKTeX\fonts/pk/ljfour/jknappen/
ec/dpi600\ecti1000.pk> <C:\Users\Maurizio\AppData\Local\MiKTeX\fonts/pk/ljfour/
jknappen/ec/dpi600\ecbi1440.pk> <C:\Users\Maurizio\AppData\Local\MiKTeX\fonts/p
k/ljfour/jknappen/ec/dpi600\ecbx1440.pk> <C:\Users\Maurizio\AppData\Local\MiKTe
X\fonts/pk/ljfour/jknappen/ec/dpi600\ecbi2488.pk> <C:\Users\Maurizio\AppData\Lo
cal\MiKTeX\fonts/pk/ljfour/jknappen/ec/dpi600\ecbx2074.pk> <C:\Users\Maurizio\A
ppData\Local\MiKTeX\fonts/pk/ljfour/jknappen/ec/dpi600\ecrm1000.pk> <C:\Users\M
aurizio\AppData\Local\MiKTeX\fonts/pk/ljfour/jknappen/ec/dpi600\ecrm0900.pk> <C
:\Users\Maurizio\AppData\Local\MiKTeX\fonts/pk/ljfour/jknappen/ec/dpi600\ecrm12
00.pk> <C:\Users\Maurizio\AppData\Local\MiKTeX\fonts/pk/ljfour/jknappen/ec/dpi6
00\ecbx2488.pk><C:/Users/Maurizio/AppData/Local/Programs/MiKTeX/fonts/type1/pub
lic/amsfonts/cm/cmmi10.pfb><C:/Users/Maurizio/AppData/Local/Programs/MiKTeX/fon
ts/type1/public/amsfonts/cm/cmmi7.pfb><C:/Users/Maurizio/AppData/Local/Programs
/MiKTeX/fonts/type1/public/amsfonts/cm/cmr10.pfb><C:/Users/Maurizio/AppData/Loc
al/Programs/MiKTeX/fonts/type1/public/amsfonts/cm/cmr8.pfb><C:/Users/Maurizio/A
ppData/Local/Programs/MiKTeX/fonts/type1/public/amsfonts/cm/cmr9.pfb><C:/Users/
Maurizio/AppData/Local/Programs/MiKTeX/fonts/type1/public/amsfonts/cm/cmsy10.pf
b><C:/Users/Maurizio/AppData/Local/Programs/MiKTeX/fonts/type1/public/amsfonts/
cm/cmsy6.pfb><C:/Users/Maurizio/AppData/Local/Programs/MiKTeX/fonts/type1/publi
c/amsfonts/cm/cmsy7.pfb>
Output written on principal.pdf (16 pages, 4476038 bytes).
PDF statistics:
 730 PDF objects out of 1000 (max. 8388607)
 61 named destinations out of 1000 (max. 500000)
 96 words of extra memory for PDF output out of 10000 (max. 10000000)

