This is pdfTeX, Version 3.141592653-2.6-1.40.23 (TeX Live 2021/Arch Linux) (preloaded format=pdflatex 2022.3.30)  12 APR 2022 17:27
entering extended mode
 restricted \write18 enabled.
 %&-line parsing enabled.
**principal.tex
(./principal.tex
LaTeX2e <2021-11-15> patch level 1
L3 programming layer <2022-02-24> (./prefix.tex
(/usr/share/texmf-dist/tex/latex/base/book.cls
Document Class: book 2021/10/04 v1.4n Standard LaTeX document class
(/usr/share/texmf-dist/tex/latex/base/bk10.clo
File: bk10.clo 2021/10/04 v1.4n Standard LaTeX file (size option)
)
\c@part=\count185
\c@chapter=\count186
\c@section=\count187
\c@subsection=\count188
\c@subsubsection=\count189
\c@paragraph=\count190
\c@subparagraph=\count191
\c@figure=\count192
\c@table=\count193
\abovecaptionskip=\skip47
\belowcaptionskip=\skip48
\bibindent=\dimen138
)
(/usr/share/texmf-dist/tex/latex/geometry/geometry.sty
Package: geometry 2020/01/02 v5.9 Page Geometry

(/usr/share/texmf-dist/tex/latex/graphics/keyval.sty
Package: keyval 2014/10/28 v1.15 key=value parser (DPC)
\KV@toks@=\toks16
)
(/usr/share/texmf-dist/tex/generic/iftex/ifvtex.sty
Package: ifvtex 2019/10/25 v1.7 ifvtex legacy package. Use iftex instead.

(/usr/share/texmf-dist/tex/generic/iftex/iftex.sty
Package: iftex 2022/02/03 v1.0f TeX engine tests
))
\Gm@cnth=\count194
\Gm@cntv=\count195
\c@Gm@tempcnt=\count196
\Gm@bindingoffset=\dimen139
\Gm@wd@mp=\dimen140
\Gm@odd@mp=\dimen141
\Gm@even@mp=\dimen142
\Gm@layoutwidth=\dimen143
\Gm@layoutheight=\dimen144
\Gm@layouthoffset=\dimen145
\Gm@layoutvoffset=\dimen146
\Gm@dimlist=\toks17
)
(/usr/share/texmf-dist/tex/generic/babel/babel.sty
Package: babel 2022/02/26 3.73 The Babel package
\babel@savecnt=\count197
\U@D=\dimen147
\l@unhyphenated=\language87

(/usr/share/texmf-dist/tex/generic/babel/txtbabel.def)
\bbl@readstream=\read2
\bbl@dirlevel=\count198

(/usr/share/texmf-dist/tex/generic/babel-english/english.ldf
Language: english 2017/06/06 v3.3r English support from the babel system
Package babel Info: Hyphen rules for 'canadian' set to \l@english
(babel)             (\language0). Reported on input line 102.
Package babel Info: Hyphen rules for 'australian' set to \l@ukenglish
(babel)             (\language21). Reported on input line 105.
Package babel Info: Hyphen rules for 'newzealand' set to \l@ukenglish
(babel)             (\language21). Reported on input line 108.
))
(/usr/share/texmf-dist/tex/latex/base/inputenc.sty
Package: inputenc 2021/02/14 v1.3d Input encoding file
\inpenc@prehook=\toks18
\inpenc@posthook=\toks19
)
(/usr/share/texmf-dist/tex/latex/base/fontenc.sty
Package: fontenc 2021/04/29 v2.0v Standard LaTeX package
)
(/usr/share/texmf-dist/tex/latex/cancel/cancel.sty
Package: cancel 2013/04/12 v2.2 Cancel math terms
)
(/usr/share/texmf-dist/tex/latex/amsmath/amsmath.sty
Package: amsmath 2021/10/15 v2.17l AMS math features
\@mathmargin=\skip49

For additional information on amsmath, use the `?' option.
(/usr/share/texmf-dist/tex/latex/amsmath/amstext.sty
Package: amstext 2021/08/26 v2.01 AMS text

(/usr/share/texmf-dist/tex/latex/amsmath/amsgen.sty
File: amsgen.sty 1999/11/30 v2.0 generic functions
\@emptytoks=\toks20
\ex@=\dimen148
))
(/usr/share/texmf-dist/tex/latex/amsmath/amsbsy.sty
Package: amsbsy 1999/11/29 v1.2d Bold Symbols
\pmbraise@=\dimen149
)
(/usr/share/texmf-dist/tex/latex/amsmath/amsopn.sty
Package: amsopn 2021/08/26 v2.02 operator names
)
\inf@bad=\count199
LaTeX Info: Redefining \frac on input line 234.
\uproot@=\count266
\leftroot@=\count267
LaTeX Info: Redefining \overline on input line 399.
\classnum@=\count268
\DOTSCASE@=\count269
LaTeX Info: Redefining \ldots on input line 496.
LaTeX Info: Redefining \dots on input line 499.
LaTeX Info: Redefining \cdots on input line 620.
\Mathstrutbox@=\box50
\strutbox@=\box51
\big@size=\dimen150
LaTeX Font Info:    Redeclaring font encoding OML on input line 743.
LaTeX Font Info:    Redeclaring font encoding OMS on input line 744.
\macc@depth=\count270
\c@MaxMatrixCols=\count271
\dotsspace@=\muskip16
\c@parentequation=\count272
\dspbrk@lvl=\count273
\tag@help=\toks21
\row@=\count274
\column@=\count275
\maxfields@=\count276
\andhelp@=\toks22
\eqnshift@=\dimen151
\alignsep@=\dimen152
\tagshift@=\dimen153
\tagwidth@=\dimen154
\totwidth@=\dimen155
\lineht@=\dimen156
\@envbody=\toks23
\multlinegap=\skip50
\multlinetaggap=\skip51
\mathdisplay@stack=\toks24
LaTeX Info: Redefining \[ on input line 2938.
LaTeX Info: Redefining \] on input line 2939.
)
(/usr/share/texmf-dist/tex/latex/amsfonts/amsfonts.sty
Package: amsfonts 2013/01/14 v3.01 Basic AMSFonts support
\symAMSa=\mathgroup4
\symAMSb=\mathgroup5
LaTeX Font Info:    Redeclaring math symbol \hbar on input line 98.
LaTeX Font Info:    Overwriting math alphabet `\mathfrak' in version `bold'
(Font)                  U/euf/m/n --> U/euf/b/n on input line 106.
)
(/usr/share/texmf-dist/tex/latex/doublestroke/dsfont.sty
Package: dsfont 1995/08/01 v0.1 Double stroke roman fonts
)
(/usr/share/texmf-dist/tex/latex/listings/listings.sty
\lst@mode=\count277
\lst@gtempboxa=\box52
\lst@token=\toks25
\lst@length=\count278
\lst@currlwidth=\dimen157
\lst@column=\count279
\lst@pos=\count280
\lst@lostspace=\dimen158
\lst@width=\dimen159
\lst@newlines=\count281
\lst@lineno=\count282
\lst@maxwidth=\dimen160

(/usr/share/texmf-dist/tex/latex/listings/lstmisc.sty
File: lstmisc.sty 2020/03/24 1.8d (Carsten Heinz)
\c@lstnumber=\count283
\lst@skipnumbers=\count284
\lst@framebox=\box53
)
(/usr/share/texmf-dist/tex/latex/listings/listings.cfg
File: listings.cfg 2020/03/24 1.8d listings configuration
))
Package: listings 2020/03/24 1.8d (Carsten Heinz)

(/usr/share/texmf-dist/tex/latex/hyperref/hyperref.sty
Package: hyperref 2022-02-21 v7.00n Hypertext links for LaTeX

(/usr/share/texmf-dist/tex/generic/ltxcmds/ltxcmds.sty
Package: ltxcmds 2020-05-10 v1.25 LaTeX kernel commands for general use (HO)
)
(/usr/share/texmf-dist/tex/generic/pdftexcmds/pdftexcmds.sty
Package: pdftexcmds 2020-06-27 v0.33 Utility functions of pdfTeX for LuaTeX (HO
)

(/usr/share/texmf-dist/tex/generic/infwarerr/infwarerr.sty
Package: infwarerr 2019/12/03 v1.5 Providing info/warning/error messages (HO)
)
Package pdftexcmds Info: \pdf@primitive is available.
Package pdftexcmds Info: \pdf@ifprimitive is available.
Package pdftexcmds Info: \pdfdraftmode found.
)
(/usr/share/texmf-dist/tex/generic/kvsetkeys/kvsetkeys.sty
Package: kvsetkeys 2019/12/15 v1.18 Key value parser (HO)
)
(/usr/share/texmf-dist/tex/generic/kvdefinekeys/kvdefinekeys.sty
Package: kvdefinekeys 2019-12-19 v1.6 Define keys (HO)
)
(/usr/share/texmf-dist/tex/generic/pdfescape/pdfescape.sty
Package: pdfescape 2019/12/09 v1.15 Implements pdfTeX's escape features (HO)
)
(/usr/share/texmf-dist/tex/latex/hycolor/hycolor.sty
Package: hycolor 2020-01-27 v1.10 Color options for hyperref/bookmark (HO)
)
(/usr/share/texmf-dist/tex/latex/letltxmacro/letltxmacro.sty
Package: letltxmacro 2019/12/03 v1.6 Let assignment for LaTeX macros (HO)
)
(/usr/share/texmf-dist/tex/latex/auxhook/auxhook.sty
Package: auxhook 2019-12-17 v1.6 Hooks for auxiliary files (HO)
)
(/usr/share/texmf-dist/tex/latex/kvoptions/kvoptions.sty
Package: kvoptions 2020-10-07 v3.14 Key value format for package options (HO)
)
\@linkdim=\dimen161
\Hy@linkcounter=\count285
\Hy@pagecounter=\count286

(/usr/share/texmf-dist/tex/latex/hyperref/pd1enc.def
File: pd1enc.def 2022-02-21 v7.00n Hyperref: PDFDocEncoding definition (HO)
Now handling font encoding PD1 ...
... no UTF-8 mapping file for font encoding PD1
)
(/usr/share/texmf-dist/tex/generic/intcalc/intcalc.sty
Package: intcalc 2019/12/15 v1.3 Expandable calculations with integers (HO)
)
(/usr/share/texmf-dist/tex/generic/etexcmds/etexcmds.sty
Package: etexcmds 2019/12/15 v1.7 Avoid name clashes with e-TeX commands (HO)
)
\Hy@SavedSpaceFactor=\count287

(/usr/share/texmf-dist/tex/latex/hyperref/puenc.def
File: puenc.def 2022-02-21 v7.00n Hyperref: PDF Unicode definition (HO)
Now handling font encoding PU ...
... no UTF-8 mapping file for font encoding PU
)
Package hyperref Info: Hyper figures OFF on input line 4137.
Package hyperref Info: Link nesting OFF on input line 4142.
Package hyperref Info: Hyper index ON on input line 4145.
Package hyperref Info: Plain pages OFF on input line 4152.
Package hyperref Info: Backreferencing OFF on input line 4157.
Package hyperref Info: Implicit mode ON; LaTeX internals redefined.
Package hyperref Info: Bookmarks ON on input line 4390.
\c@Hy@tempcnt=\count288

(/usr/share/texmf-dist/tex/latex/url/url.sty
\Urlmuskip=\muskip17
Package: url 2013/09/16  ver 3.4  Verb mode for urls, etc.
)
LaTeX Info: Redefining \url on input line 4749.
\XeTeXLinkMargin=\dimen162

(/usr/share/texmf-dist/tex/generic/bitset/bitset.sty
Package: bitset 2019/12/09 v1.3 Handle bit-vector datatype (HO)

(/usr/share/texmf-dist/tex/generic/bigintcalc/bigintcalc.sty
Package: bigintcalc 2019/12/15 v1.5 Expandable calculations on big integers (HO
)
))
\Fld@menulength=\count289
\Field@Width=\dimen163
\Fld@charsize=\dimen164
Package hyperref Info: Hyper figures OFF on input line 6027.
Package hyperref Info: Link nesting OFF on input line 6032.
Package hyperref Info: Hyper index ON on input line 6035.
Package hyperref Info: backreferencing OFF on input line 6042.
Package hyperref Info: Link coloring OFF on input line 6047.
Package hyperref Info: Link coloring with OCG OFF on input line 6052.
Package hyperref Info: PDF/A mode OFF on input line 6057.
LaTeX Info: Redefining \ref on input line 6097.
LaTeX Info: Redefining \pageref on input line 6101.

(/usr/share/texmf-dist/tex/latex/base/atbegshi-ltx.sty
Package: atbegshi-ltx 2021/01/10 v1.0c Emulation of the original atbegshi
package with kernel methods
)
\Hy@abspage=\count290
\c@Item=\count291
\c@Hfootnote=\count292
)
Package hyperref Info: Driver (autodetected): hpdftex.

(/usr/share/texmf-dist/tex/latex/hyperref/hpdftex.def
File: hpdftex.def 2022-02-21 v7.00n Hyperref driver for pdfTeX

(/usr/share/texmf-dist/tex/latex/base/atveryend-ltx.sty
Package: atveryend-ltx 2020/08/19 v1.0a Emulation of the original atveryend pac
kage
with kernel methods
)
\Fld@listcount=\count293
\c@bookmark@seq@number=\count294

(/usr/share/texmf-dist/tex/latex/rerunfilecheck/rerunfilecheck.sty
Package: rerunfilecheck 2019/12/05 v1.9 Rerun checks for auxiliary files (HO)

(/usr/share/texmf-dist/tex/generic/uniquecounter/uniquecounter.sty
Package: uniquecounter 2019/12/15 v1.4 Provide unlimited unique counter (HO)
)
Package uniquecounter Info: New unique counter `rerunfilecheck' on input line 2
86.
)
\Hy@SectionHShift=\skip52
)
(/usr/share/texmf-dist/tex/latex/siunitx/siunitx.sty
Package: siunitx 2022-02-15 v3.0.49 A comprehensive (SI) units package
\l__siunitx_angle_tmp_dim=\dimen165
\l__siunitx_angle_marker_box=\box54
\l__siunitx_angle_unit_box=\box55
\l__siunitx_compound_count_int=\count295

(/usr/share/texmf-dist/tex/latex/translations/translations.sty
Package: translations 2022/02/05 v1.12 internationalization of LaTeX2e packages
 (CN)

(/usr/share/texmf-dist/tex/latex/etoolbox/etoolbox.sty
Package: etoolbox 2020/10/05 v2.5k e-TeX tools for LaTeX (JAW)
\etb@tempcnta=\count296
))
\l__siunitx_number_exponent_fixed_int=\count297
\l__siunitx_number_min_decimal_int=\count298
\l__siunitx_number_min_integer_int=\count299
\l__siunitx_number_round_precision_int=\count300
\l__siunitx_number_group_minimum_int=\count301
\l__siunitx_table_tmp_box=\box56
\l__siunitx_table_tmp_dim=\dimen166
\l__siunitx_table_column_width_dim=\dimen167
\l__siunitx_table_integer_box=\box57
\l__siunitx_table_decimal_box=\box58
\l__siunitx_table_before_box=\box59
\l__siunitx_table_after_box=\box60
\l__siunitx_table_before_dim=\dimen168
\l__siunitx_table_carry_dim=\dimen169
\l__siunitx_unit_tmp_int=\count302
\l__siunitx_unit_position_int=\count303
\l__siunitx_unit_total_int=\count304

(/usr/share/texmf-dist/tex/latex/l3packages/l3keys2e/l3keys2e.sty
(/usr/share/texmf-dist/tex/latex/l3kernel/expl3.sty
Package: expl3 2022-02-24 L3 programming layer (loader) 

(/usr/share/texmf-dist/tex/latex/l3backend/l3backend-pdftex.def
File: l3backend-pdftex.def 2022-02-07 L3 backend support: PDF output (pdfTeX)
\l__color_backend_stack_int=\count305
\l__pdf_internal_box=\box61
))
Package: l3keys2e 2022-01-12 LaTeX2e option processing using LaTeX3 keys
)
(/usr/share/texmf-dist/tex/latex/tools/array.sty
Package: array 2021/10/04 v2.5f Tabular extension package (FMi)
\col@sep=\dimen170
\ar@mcellbox=\box62
\extrarowheight=\dimen171
\NC@list=\toks26
\extratabsurround=\skip53
\backup@length=\skip54
\ar@cellbox=\box63
))
(/usr/share/texmf-dist/tex/latex/fancyhdr/fancyhdr.sty
Package: fancyhdr 2021/01/28 v4.0.1 Extensive control of page headers and foote
rs
\f@nch@headwidth=\skip55
\f@nch@O@elh=\skip56
\f@nch@O@erh=\skip57
\f@nch@O@olh=\skip58
\f@nch@O@orh=\skip59
\f@nch@O@elf=\skip60
\f@nch@O@erf=\skip61
\f@nch@O@olf=\skip62
\f@nch@O@orf=\skip63
)
(/usr/share/texmf-dist/tex/latex/base/textcomp.sty
Package: textcomp 2020/02/02 v2.0n Standard LaTeX package
)
(/usr/share/texmf-dist/tex/latex/makecell/makecell.sty
Package: makecell 2009/08/03 V0.1e Managing of Tab Column Heads and Cells
\rotheadsize=\dimen172
\c@nlinenum=\count306
\TeXr@lab=\toks27
)
(/usr/share/texmf-dist/tex/latex/caption/caption.sty
Package: caption 2022/03/01 v3.6b Customizing captions (AR)

(/usr/share/texmf-dist/tex/latex/caption/caption3.sty
Package: caption3 2022/03/17 v2.3b caption3 kernel (AR)
\caption@tempdima=\dimen173
\captionmargin=\dimen174
\caption@leftmargin=\dimen175
\caption@rightmargin=\dimen176
\caption@width=\dimen177
\caption@indent=\dimen178
\caption@parindent=\dimen179
\caption@hangindent=\dimen180
Package caption Info: Standard document class detected.
)
\c@caption@flags=\count307
\c@continuedfloat=\count308
Package caption Info: hyperref package is loaded.
Package caption Info: listings package is loaded.
)
(/usr/share/texmf-dist/tex/latex/pdfpages/pdfpages.sty
Package: pdfpages 2022/01/29 v0.5u Insert pages of external PDF documents (AM)

(/usr/share/texmf-dist/tex/latex/base/ifthen.sty
Package: ifthen 2020/11/24 v1.1c Standard LaTeX ifthen package (DPC)
)
(/usr/share/texmf-dist/tex/latex/tools/calc.sty
Package: calc 2017/05/25 v4.3 Infix arithmetic (KKT,FJ)
\calc@Acount=\count309
\calc@Bcount=\count310
\calc@Adimen=\dimen181
\calc@Bdimen=\dimen182
\calc@Askip=\skip64
\calc@Bskip=\skip65
LaTeX Info: Redefining \setlength on input line 80.
LaTeX Info: Redefining \addtolength on input line 81.
\calc@Ccount=\count311
\calc@Cskip=\skip66
)
(/usr/share/texmf-dist/tex/latex/eso-pic/eso-pic.sty
Package: eso-pic 2020/10/14 v3.0a eso-pic (RN)
\ESO@tempdima=\dimen183
\ESO@tempdimb=\dimen184

(/usr/share/texmf-dist/tex/latex/xcolor/xcolor.sty
Package: xcolor 2021/10/31 v2.13 LaTeX color extensions (UK)

(/usr/share/texmf-dist/tex/latex/graphics-cfg/color.cfg
File: color.cfg 2016/01/02 v1.6 sample color configuration
)
Package xcolor Info: Driver file: pdftex.def on input line 227.

(/usr/share/texmf-dist/tex/latex/graphics-def/pdftex.def
File: pdftex.def 2020/10/05 v1.2a Graphics/color driver for pdftex
)
Package xcolor Info: Model `cmy' substituted by `cmy0' on input line 1352.
Package xcolor Info: Model `hsb' substituted by `rgb' on input line 1356.
Package xcolor Info: Model `RGB' extended on input line 1368.
Package xcolor Info: Model `HTML' substituted by `rgb' on input line 1370.
Package xcolor Info: Model `Hsb' substituted by `hsb' on input line 1371.
Package xcolor Info: Model `tHsb' substituted by `hsb' on input line 1372.
Package xcolor Info: Model `HSB' substituted by `hsb' on input line 1373.
Package xcolor Info: Model `Gray' substituted by `gray' on input line 1374.
Package xcolor Info: Model `wave' substituted by `hsb' on input line 1375.
))
(/usr/share/texmf-dist/tex/latex/graphics/graphicx.sty
Package: graphicx 2021/09/16 v1.2d Enhanced LaTeX Graphics (DPC,SPQR)

(/usr/share/texmf-dist/tex/latex/graphics/graphics.sty
Package: graphics 2021/03/04 v1.4d Standard LaTeX Graphics (DPC,SPQR)

(/usr/share/texmf-dist/tex/latex/graphics/trig.sty
Package: trig 2021/08/11 v1.11 sin cos tan (DPC)
)
(/usr/share/texmf-dist/tex/latex/graphics-cfg/graphics.cfg
File: graphics.cfg 2016/06/04 v1.11 sample graphics configuration
)
Package graphics Info: Driver file: pdftex.def on input line 107.
)
\Gin@req@height=\dimen185
\Gin@req@width=\dimen186
)
\AM@pagewidth=\dimen187
\AM@pageheight=\dimen188
\AM@fboxrule=\dimen189

(/usr/share/texmf-dist/tex/latex/pdfpages/pppdftex.def
File: pppdftex.def 2022/01/29 v0.5u Pdfpages driver for pdfTeX (AM)
)
\pdfpages@includegraphics@status=\count312
\AM@pagebox=\box64
\AM@global@opts=\toks28
\AM@pagecnt=\count313
\AM@toc@title=\toks29
\c@AM@survey=\count314
\AM@templatesizebox=\box65
)
(/usr/share/texmf-dist/tex/latex/tools/multicol.sty
Package: multicol 2021/10/28 v1.9b multicolumn formatting (FMi)
\c@tracingmulticols=\count315
\mult@box=\box66
\multicol@leftmargin=\dimen190
\c@unbalance=\count316
\c@collectmore=\count317
\doublecol@number=\count318
\multicoltolerance=\count319
\multicolpretolerance=\count320
\full@width=\dimen191
\page@free=\dimen192
\premulticols=\dimen193
\postmulticols=\dimen194
\multicolsep=\skip67
\multicolbaselineskip=\skip68
\partial@page=\box67
\last@line=\box68
\maxbalancingoverflow=\dimen195
\mult@rightbox=\box69
\mult@grightbox=\box70
\mult@firstbox=\box71
\mult@gfirstbox=\box72
\@tempa=\box73
\@tempa=\box74
\@tempa=\box75
\@tempa=\box76
\@tempa=\box77
\@tempa=\box78
\@tempa=\box79
\@tempa=\box80
\@tempa=\box81
\@tempa=\box82
\@tempa=\box83
\@tempa=\box84
\@tempa=\box85
\@tempa=\box86
\@tempa=\box87
\@tempa=\box88
\@tempa=\box89
\@tempa=\box90
\@tempa=\box91
\@tempa=\box92
\@tempa=\box93
\@tempa=\box94
\@tempa=\box95
\@tempa=\box96
\@tempa=\box97
\@tempa=\box98
\@tempa=\box99
\@tempa=\box100
\@tempa=\box101
\@tempa=\box102
\@tempa=\box103
\@tempa=\box104
\@tempa=\box105
\@tempa=\box106
\@tempa=\box107
\@tempa=\box108
\c@minrows=\count321
\c@columnbadness=\count322
\c@finalcolumnbadness=\count323
\last@try=\dimen196
\multicolovershoot=\dimen197
\multicolundershoot=\dimen198
\mult@nat@firstbox=\box109
\colbreak@box=\box110
\mc@col@check@num=\count324
)
(/usr/share/texmf-dist/tex/latex/algorithm2e/algorithm2e.sty
Package: algorithm2e 2017/07/18 v5.2 algorithms environments
\c@AlgoLine=\count325
\algocf@hangindent=\skip69

(/usr/share/texmf-dist/tex/latex/ifoddpage/ifoddpage.sty
Package: ifoddpage 2016/04/23 v1.1 Conditionals for odd/even page detection
\c@checkoddpage=\count326
)
(/usr/share/texmf-dist/tex/latex/tools/xspace.sty
Package: xspace 2014/10/28 v1.13 Space after command names (DPC,MH)
)
(/usr/share/texmf-dist/tex/latex/relsize/relsize.sty
Package: relsize 2013/03/29 ver 4.1
)
\skiptotal=\skip70
\skiplinenumber=\skip71
\skiprule=\skip72
\skiphlne=\skip73
\skiptext=\skip74
\skiplength=\skip75
\algomargin=\skip76
\skipalgocfslide=\skip77
\algowidth=\dimen199
\inoutsize=\dimen256
\inoutindent=\dimen257
\interspacetitleruled=\dimen258
\interspacealgoruled=\dimen259
\interspacetitleboxruled=\dimen260
\algocf@ruledwidth=\skip78
\algocf@inoutbox=\box111
\algocf@inputbox=\box112
\AlCapSkip=\skip79
\AlCapHSkip=\skip80
\algoskipindent=\skip81
\algocf@nlbox=\box113
\algocf@hangingbox=\box114
\algocf@untilbox=\box115
\algocf@skipuntil=\skip82
\algocf@capbox=\box116
\algocf@lcaptionbox=\skip83
\algoheightruledefault=\skip84
\algoheightrule=\skip85
\algotitleheightruledefault=\skip86
\algotitleheightrule=\skip87
\c@algocfline=\count327
\c@algocfproc=\count328
\c@algocf=\count329
\algocf@algoframe=\box117
\algocf@algobox=\box118
)
(/usr/share/texmf-dist/tex/generic/soul/soul.sty
Package: soul 2003/11/17 v2.4 letterspacing/underlining (mf)
\SOUL@word=\toks30
\SOUL@lasttoken=\toks31
\SOUL@cmds=\toks32
\SOUL@buffer=\toks33
\SOUL@token=\toks34
\SOUL@spaceskip=\skip88
\SOUL@ttwidth=\dimen261
\SOUL@uldp=\dimen262
\SOUL@ulht=\dimen263
)
(/usr/share/texmf-dist/tex/latex/mhchem/mhchem.sty
Package: mhchem 2021/12/31 v4.09 for typesetting chemical formulae

(/usr/share/texmf-dist/tex/latex/chemgreek/chemgreek.sty
(/usr/share/texmf-dist/tex/latex/l3packages/xparse/xparse.sty
Package: xparse 2022-01-12 L3 Experimental document command parser
)
Package: chemgreek 2020/01/16 v1.1a interface for upright Greek letters for use
 in chemistry (CN)
\l__chemgreek_tmpa_int=\count330
\g__chemgreek_tmpa_int=\count331
)
\l__mhchem_ce_distanceFromLastComma_int=\count332
\__mhchem_arrow_extPgfLength_skip=\skip89
\mhchem@minispace@tmp=\skip90
\mhchem@minibackspace@tmp=\skip91
\mhchem@bondwidth=\skip92
\mhchem@bondheight=\skip93
\mhchem@smallbondwidth@tmpA=\skip94
\mhchem@smallbondwidth@tmpB=\skip95
\mhchem@smallbondwidth=\skip96
\mhchem@bondtmp@minussidebearingleft=\skip97
\mhchem@bondtmp@minussidebearingright=\skip98
\l__mhchem_option_version_int=\count333
\mhchem@option@minusmathsidebearingleft=\dimen264
\mhchem@option@minusmathsidebearingright=\dimen265
\mhchem@option@minustextsidebearingleft=\dimen266
\mhchem@option@minustextsidebearingright=\dimen267


Package mhchem Warning: You did not specify a 'version' option for the mhchem
(mhchem)                package. Please write \usepackage[version=4]{mhchem}
(mhchem)                in your preamble (or any lower number for
(mhchem)                compatibility mode), because you might get slightly
(mhchem)                different output with the same input in future versions
.

) (/usr/share/texmf-dist/tex/latex/appendix/appendix.sty
Package: appendix 2020/02/08 v1.2c extra appendix facilities
\c@@pps=\count334
\c@@ppsavesec=\count335
\c@@ppsaveapp=\count336
)
(/usr/share/texmf-dist/tex/latex/float/float.sty
Package: float 2001/11/08 v1.3d Float enhancements (AL)
\c@float@type=\count337
\float@exts=\toks35
\float@box=\box119
\@float@everytoks=\toks36
\@floatcapt=\box120
)
(/usr/share/texmf-dist/tex/latex/wrapfig/wrapfig.sty
\wrapoverhang=\dimen268
\WF@size=\dimen269
\c@WF@wrappedlines=\count338
\WF@box=\box121
\WF@everypar=\toks37
Package: wrapfig 2003/01/31  v 3.6
)
(/usr/share/texmf-dist/tex/latex/braket/braket.sty)
(/usr/share/texmf-dist/tex/latex/mathtools/mathtools.sty
Package: mathtools 2022/02/07 v1.28a mathematical typesetting tools

(/usr/share/texmf-dist/tex/latex/mathtools/mhsetup.sty
Package: mhsetup 2021/03/18 v1.4 programming setup (MH)
)
\g_MT_multlinerow_int=\count339
\l_MT_multwidth_dim=\dimen270
\origjot=\skip99
\l_MT_shortvdotswithinadjustabove_dim=\dimen271
\l_MT_shortvdotswithinadjustbelow_dim=\dimen272
\l_MT_above_intertext_sep=\dimen273
\l_MT_below_intertext_sep=\dimen274
\l_MT_above_shortintertext_sep=\dimen275
\l_MT_below_shortintertext_sep=\dimen276
\xmathstrut@box=\box122
\xmathstrut@dim=\dimen277
)
(/usr/share/texmf-dist/tex/latex/physics/physics.sty
Package: physics 
)
(/usr/share/texmf-dist/tex/latex/caption/subcaption.sty
Package: subcaption 2022/01/07 v1.5 Sub-captions (AR)
\c@subfigure=\count340
\c@subtable=\count341
)
(/usr/share/texmf-dist/tex/latex/tex-gyre/tgbonum.sty
Package: tgbonum 2009/09/27 v1.2 TeX Gyre Bonum as default roman family
))
LaTeX Font Info:    Trying to load font information for T1+qbk on input line 10
.

(/usr/share/texmf-dist/tex/latex/tex-gyre/t1qbk.fd
File: t1qbk.fd 2009/09/25 v1.2 font definition file for T1/qbk
) (./build/principal.aux

LaTeX Warning: Label `' multiply defined.


LaTeX Warning: Label `' multiply defined.


LaTeX Warning: Label `' multiply defined.


LaTeX Warning: Label `' multiply defined.


LaTeX Warning: Label `' multiply defined.


LaTeX Warning: Label `' multiply defined.


LaTeX Warning: Label `' multiply defined.

)
\openout1 = `principal.aux'.

LaTeX Font Info:    Checking defaults for OML/cmm/m/it on input line 10.
LaTeX Font Info:    ... okay on input line 10.
LaTeX Font Info:    Checking defaults for OMS/cmsy/m/n on input line 10.
LaTeX Font Info:    ... okay on input line 10.
LaTeX Font Info:    Checking defaults for OT1/cmr/m/n on input line 10.
LaTeX Font Info:    ... okay on input line 10.
LaTeX Font Info:    Checking defaults for T1/cmr/m/n on input line 10.
LaTeX Font Info:    ... okay on input line 10.
LaTeX Font Info:    Checking defaults for TS1/cmr/m/n on input line 10.
LaTeX Font Info:    ... okay on input line 10.
LaTeX Font Info:    Checking defaults for OMX/cmex/m/n on input line 10.
LaTeX Font Info:    ... okay on input line 10.
LaTeX Font Info:    Checking defaults for U/cmr/m/n on input line 10.
LaTeX Font Info:    ... okay on input line 10.
LaTeX Font Info:    Checking defaults for PD1/pdf/m/n on input line 10.
LaTeX Font Info:    ... okay on input line 10.
LaTeX Font Info:    Checking defaults for PU/pdf/m/n on input line 10.
LaTeX Font Info:    ... okay on input line 10.

*geometry* driver: auto-detecting
*geometry* detected driver: pdftex
*geometry* verbose mode - [ preamble ] result:
* driver: pdftex
* paper: a4paper
* layout: <same size as paper>
* layoutoffset:(h,v)=(0.0pt,0.0pt)
* modes: 
* h-part:(L,W,R)=(81.94394pt, 433.62pt, 81.94394pt)
* v-part:(T,H,B)=(106.75473pt, 578.15999pt, 160.13213pt)
* \paperwidth=597.50787pt
* \paperheight=845.04684pt
* \textwidth=433.62pt
* \textheight=578.15999pt
* \oddsidemargin=9.67395pt
* \evensidemargin=9.67395pt
* \topmargin=4.41725pt
* \headheight=12.0pt
* \headsep=18.06749pt
* \topskip=10.0pt
* \footskip=25.29494pt
* \marginparwidth=69.0pt
* \marginparsep=7.0pt
* \columnsep=10.0pt
* \skip\footins=9.0pt plus 4.0pt minus 2.0pt
* \hoffset=0.0pt
* \voffset=0.0pt
* \mag=1000
* \@twocolumnfalse
* \@twosidefalse
* \@mparswitchfalse
* \@reversemarginfalse
* (1in=72.27pt=25.4mm, 1cm=28.453pt)

\c@lstlisting=\count342
Package hyperref Info: Link coloring OFF on input line 10.
(/usr/share/texmf-dist/tex/latex/hyperref/nameref.sty
Package: nameref 2021-04-02 v2.47 Cross-referencing by name of section

(/usr/share/texmf-dist/tex/latex/refcount/refcount.sty
Package: refcount 2019/12/15 v3.6 Data extraction from label references (HO)
)
(/usr/share/texmf-dist/tex/generic/gettitlestring/gettitlestring.sty
Package: gettitlestring 2019/12/15 v1.6 Cleanup title references (HO)
)
\c@section@level=\count343
)
LaTeX Info: Redefining \ref on input line 10.
LaTeX Info: Redefining \pageref on input line 10.
LaTeX Info: Redefining \nameref on input line 10.

(./build/principal.out) (./build/principal.out)
\@outlinefile=\write3
\openout3 = `principal.out'.


(/usr/share/texmf-dist/tex/latex/translations/translations-basic-dictionary-eng
lish.trsl
File: translations-basic-dictionary-english.trsl (english translation file `tra
nslations-basic-dictionary')
)
Package translations Info: loading dictionary `translations-basic-dictionary' f
or `english'. on input line 10.
Package caption Info: Begin \AtBeginDocument code.
Package caption Info: float package is loaded.
Package caption Info: wrapfig package is loaded.
Package caption Info: End \AtBeginDocument code.
 (/usr/share/texmf-dist/tex/context/base/mkii/supp-pdf.mkii
[Loading MPS to PDF converter (version 2006.09.02).]
\scratchcounter=\count344
\scratchdimen=\dimen278
\scratchbox=\box123
\nofMPsegments=\count345
\nofMParguments=\count346
\everyMPshowfont=\toks38
\MPscratchCnt=\count347
\MPscratchDim=\dimen279
\MPnumerator=\count348
\makeMPintoPDFobject=\count349
\everyMPtoPDFconversion=\toks39
) (/usr/share/texmf-dist/tex/latex/epstopdf-pkg/epstopdf-base.sty
Package: epstopdf-base 2020-01-24 v2.11 Base part for package epstopdf
Package epstopdf-base Info: Redefining graphics rule for `.eps' on input line 4
85.

(/usr/share/texmf-dist/tex/latex/latexconfig/epstopdf-sys.cfg
File: epstopdf-sys.cfg 2010/07/13 v1.3 Configuration of (r)epstopdf for TeX Liv
e
))
(/usr/share/texmf-dist/tex/latex/pdflscape/pdflscape.sty
Package: pdflscape 2019/12/05 v0.12 Display of landscape pages in PDF (HO)

(/usr/share/texmf-dist/tex/latex/graphics/lscape.sty
Package: lscape 2020/05/28 v3.02 Landscape Pages (DPC)
)
Package pdflscape Info: Auto-detected driver: pdftex on input line 81.
)

Package chemgreek Info: Activating mapping `default' on line 10.

LaTeX Font Info:    Trying to load font information for U+msa on input line 12.


(/usr/share/texmf-dist/tex/latex/amsfonts/umsa.fd
File: umsa.fd 2013/01/14 v3.01 AMS symbols A
)
LaTeX Font Info:    Trying to load font information for U+msb on input line 12.


(/usr/share/texmf-dist/tex/latex/amsfonts/umsb.fd
File: umsb.fd 2013/01/14 v3.01 AMS symbols B
) [1


{/var/lib/texmf/fonts/map/pdftex/updmap/pdftex.map}] (./build/principal.tocpdfT
eX warning (ext4): destination with the same identifier (name{page.1}) has been
 already used, duplicate ignored
<to be read again> 
                   \relax 
l.41 ...}Sequencers' output}{23}{subsection.4.1.2}
                                                  % [1

] [2] [3])
\tf@toc=\write4
\openout4 = `principal.toc'.


(./chapters/01_introduction.tex [4]
Chapter 1.
LaTeX Font Info:    Trying to load font information for TS1+qbk on input line 2
5.
(/usr/share/texmf-dist/tex/latex/tex-gyre/ts1qbk.fd
File: ts1qbk.fd 2009/09/25 v1.2 font definition file for TS1/qbk
)
Underfull \hbox (badness 10000) in paragraph at lines 27--28
\T1/qbk/m/n/10 lished in $\OT1/cmr/m/n/10 1995$ \T1/qbk/m/n/10 and was that of
 []

[5

]) (./chapters/02_Ecoli-genomics.tex [6]
Chapter 2.
[7

] [8]
<chapters/images/01//genesSharedDifferentGenomes.png, id=729, 490.83376pt x 364
.36125pt>
File: chapters/images/01//genesSharedDifferentGenomes.png Graphic file (type pn
g)
<use chapters/images/01//genesSharedDifferentGenomes.png>
Package pdftex.def Info: chapters/images/01//genesSharedDifferentGenomes.png  u
sed on input line 83.
(pdftex.def)             Requested size: 260.17464pt x 193.13834pt.
<chapters/images/01//corePanGenEcoli.png, id=732, 545.53813pt x 286.57062pt>
File: chapters/images/01//corePanGenEcoli.png Graphic file (type png)
<use chapters/images/01//corePanGenEcoli.png>
Package pdftex.def Info: chapters/images/01//corePanGenEcoli.png  used on input
 line 93.
(pdftex.def)             Requested size: 227.62204pt x 119.56737pt.


LaTeX Warning: `h' float specifier changed to `ht'.

) (./chapters/03_NGS-principles.tex [9 <./chapters/images/01/genesSharedDiffere
ntGenomes.PNG>] [10 <./chapters/images/01//corePanGenEcoli.png>]
Chapter 3.
<chapters/images/03//sequencingCost.png, id=747, 629.85312pt x 339.76938pt>
File: chapters/images/03//sequencingCost.png Graphic file (type png)
<use chapters/images/03//sequencingCost.png>
Package pdftex.def Info: chapters/images/03//sequencingCost.png  used on input 
line 26.
(pdftex.def)             Requested size: 260.17464pt x 140.34842pt.

LaTeX Warning: `h' float specifier changed to `ht'.


Underfull \hbox (badness 10000) in paragraph at lines 40--42
[]\T1/qbk/m/n/10 Ligation-based: se-quenc-ing us-ing
 []

[11

]
<chapters/images/03//DNA-molecule.png, id=753, 700.6175pt x 190.7125pt>
File: chapters/images/03//DNA-molecule.png Graphic file (type png)
<use chapters/images/03//DNA-molecule.png>
Package pdftex.def Info: chapters/images/03//DNA-molecule.png  used on input li
ne 52.
(pdftex.def)             Requested size: 212.47617pt x 57.83693pt.
<chapters/images/03//chain-term.png, id=754, 480.79625pt x 185.19188pt>
File: chapters/images/03//chain-term.png Graphic file (type png)
<use chapters/images/03//chain-term.png>
Package pdftex.def Info: chapters/images/03//chain-term.png  used on input line
 59.
(pdftex.def)             Requested size: 212.47617pt x 81.84071pt.
<chapters/images/03//Sanger.png, id=757, 659.46375pt x 405.01312pt>
File: chapters/images/03//Sanger.png Graphic file (type png)
<use chapters/images/03//Sanger.png>
Package pdftex.def Info: chapters/images/03//Sanger.png  used on input line 74.

(pdftex.def)             Requested size: 433.62pt x 266.3145pt.


LaTeX Warning: `h' float specifier changed to `ht'.


Overfull \vbox (5.43417pt too high) has occurred while \output is active []


[12 <./chapters/images/03/sequencingCost.PNG> <./chapters/images/03/DNA-molecul
e.PNG> <./chapters/images/03/chain-term.PNG>]
Underfull \hbox (badness 8019) in paragraph at lines 110--111
[]\T1/qbk/m/n/10 Four dif-fer-ent flu-o-rochromes were
 []

[13 <./chapters/images/03/Sanger.PNG>]
<chapters/images/03//automaticSang.png, id=781, 396.48125pt x 307.64937pt>
File: chapters/images/03//automaticSang.png Graphic file (type png)
<use chapters/images/03//automaticSang.png>
Package pdftex.def Info: chapters/images/03//automaticSang.png  used on input l
ine 130.
(pdftex.def)             Requested size: 346.89731pt x 269.17844pt.
<chapters/images/03//elettroferogramma.png, id=782, 376.90813pt x 175.15437pt>
File: chapters/images/03//elettroferogramma.png Graphic file (type png)
<use chapters/images/03//elettroferogramma.png>
Package pdftex.def Info: chapters/images/03//elettroferogramma.png  used on inp
ut line 141.
(pdftex.def)             Requested size: 346.89731pt x 161.20811pt.


LaTeX Warning: `h' float specifier changed to `ht'.

<chapters/images/03//progressSangerMachines.png, id=783, 575.14874pt x 291.5893
7pt>
File: chapters/images/03//progressSangerMachines.png Graphic file (type png)
<use chapters/images/03//progressSangerMachines.png>
Package pdftex.def Info: chapters/images/03//progressSangerMachines.png  used o
n input line 147.
(pdftex.def)             Requested size: 346.89731pt x 175.87596pt.

LaTeX Warning: `h' float specifier changed to `ht'.

[14 <./chapters/images/03/automaticSang.PNG>]
<chapters/images/03//sequencingMachines.png, id=793, 510.40688pt x 347.79938pt>

File: chapters/images/03//sequencingMachines.png Graphic file (type png)
<use chapters/images/03//sequencingMachines.png>
Package pdftex.def Info: chapters/images/03//sequencingMachines.png  used on in
put line 174.
(pdftex.def)             Requested size: 433.62pt x 295.49287pt.
 [15 <./chapters/images/03/elettroferogramma.PNG>]
<chapters/images/03//sequencingMachinesIllumina.png, id=801, 536.50438pt x 346.
79562pt>
File: chapters/images/03//sequencingMachinesIllumina.png Graphic file (type png
)
<use chapters/images/03//sequencingMachinesIllumina.png>
Package pdftex.def Info: chapters/images/03//sequencingMachinesIllumina.png  us
ed on input line 184.
(pdftex.def)             Requested size: 346.89731pt x 224.23444pt.
 [16 <./chapters/images/03/progressSangerMachines.PNG> <./chapters/images/03/se
quencingMachines.PNG>]
<chapters/images/03//tagmentedFragments.png, id=810, 555.07375pt x 142.03062pt>

File: chapters/images/03//tagmentedFragments.png Graphic file (type png)
<use chapters/images/03//tagmentedFragments.png>
Package pdftex.def Info: chapters/images/03//tagmentedFragments.png  used on in
put line 212.
(pdftex.def)             Requested size: 346.89731pt x 88.76457pt.


LaTeX Warning: `h' float specifier changed to `ht'.

<chapters/images/03//clusterAmplification.png, id=811, 425.08812pt x 113.92563p
t>
File: chapters/images/03//clusterAmplification.png Graphic file (type png)
<use chapters/images/03//clusterAmplification.png>
Package pdftex.def Info: chapters/images/03//clusterAmplification.png  used on 
input line 221.
(pdftex.def)             Requested size: 260.17464pt x 69.73094pt.
[17 <./chapters/images/03/sequencingMachinesIllumina.PNG>]
<chapters/images/03//rigidGeneration.png, id=824, 530.98375pt x 244.915pt>
File: chapters/images/03//rigidGeneration.png Graphic file (type png)
<use chapters/images/03//rigidGeneration.png>
Package pdftex.def Info: chapters/images/03//rigidGeneration.png  used on input
 line 232.
(pdftex.def)             Requested size: 346.89731pt x 160.00754pt.
<chapters/images/03//randomPatternCells.png, id=826, 384.93813pt x 258.9675pt>
File: chapters/images/03//randomPatternCells.png Graphic file (type png)
<use chapters/images/03//randomPatternCells.png>
Package pdftex.def Info: chapters/images/03//randomPatternCells.png  used on in
put line 245.
(pdftex.def)             Requested size: 260.17464pt x 175.04445pt.
 [18 <./chapters/images/03/tagmentedFragments.PNG> <./chapters/images/03/cluste
rAmplification.PNG> <./chapters/images/03/rigidGeneration.PNG>]
<chapters/images/03//singleIndex.png, id=840, 493.845pt x 294.60063pt>
File: chapters/images/03//singleIndex.png Graphic file (type png)
<use chapters/images/03//singleIndex.png>
Package pdftex.def Info: chapters/images/03//singleIndex.png  used on input lin
e 259.
(pdftex.def)             Requested size: 169.11153pt x 100.88211pt.
<chapters/images/03//doubleIndex.png, id=841, 524.45938pt x 258.9675pt>
File: chapters/images/03//doubleIndex.png Graphic file (type png)
<use chapters/images/03//doubleIndex.png>
Package pdftex.def Info: chapters/images/03//doubleIndex.png  used on input lin
e 265.
(pdftex.def)             Requested size: 260.17464pt x 128.47182pt.
<chapters/images/03//ILLUMINArev.png, id=842, 509.905pt x 252.44313pt>
File: chapters/images/03//ILLUMINArev.png Graphic file (type png)
<use chapters/images/03//ILLUMINArev.png>
Package pdftex.def Info: chapters/images/03//ILLUMINArev.png  used on input lin
e 277.
(pdftex.def)             Requested size: 303.53267pt x 150.28062pt.
 [19 <./chapters/images/03/randomPatternCells.PNG> <./chapters/images/03/single
Index.PNG> <./chapters/images/03/doubleIndex.PNG>]
<chapters/images/03//ChannelILLUMINA.png, id=854, 749.80125pt x 262.48062pt>
File: chapters/images/03//ChannelILLUMINA.png Graphic file (type png)
<use chapters/images/03//ChannelILLUMINA.png>
Package pdftex.def Info: chapters/images/03//ChannelILLUMINA.png  used on input
 line 287.
(pdftex.def)             Requested size: 346.89731pt x 121.43944pt.
 [20 <./chapters/images/03/ILLUMINArev.PNG> <./chapters/images/03/ChannelILLUMI
NA.PNG>]
<chapters/images/03//PacBIO.png, id=865, 589.70313pt x 363.3575pt>
File: chapters/images/03//PacBIO.png Graphic file (type png)
<use chapters/images/03//PacBIO.png>
Package pdftex.def Info: chapters/images/03//PacBIO.png  used on input line 307
.
(pdftex.def)             Requested size: 433.62pt x 267.18929pt.
) (./chapters/04_sequencing-data.tex [21 <./chapters/images/03/PacBIO.PNG>]
Chapter 4.
[22

] [23] [24] [25]) (./chapters/05_mapping.tex [26]
Chapter 5.
[27

]
<chapters/images/05//SequenceComparison.png, id=901, 410.2828pt x 243.15843pt>
File: chapters/images/05//SequenceComparison.png Graphic file (type png)
<use chapters/images/05//SequenceComparison.png>
Package pdftex.def Info: chapters/images/05//SequenceComparison.png  used on in
put line 47.
(pdftex.def)             Requested size: 260.17464pt x 154.1924pt.
 [28 <./chapters/images/05//SequenceComparison.png>]
<chapters/images/05//EvolutionaryDistance.png, id=910, 405.515pt x 261.97874pt>

File: chapters/images/05//EvolutionaryDistance.png Graphic file (type png)
<use chapters/images/05//EvolutionaryDistance.png>
Package pdftex.def Info: chapters/images/05//EvolutionaryDistance.png  used on 
input line 79.
(pdftex.def)             Requested size: 260.17464pt x 168.08556pt.
 [29 <./chapters/images/05//EvolutionaryDistance.png>]
<chapters/images/05//LocalAlignment.png, id=919, 345.54094pt x 228.855pt>
File: chapters/images/05//LocalAlignment.png Graphic file (type png)
<use chapters/images/05//LocalAlignment.png>
Package pdftex.def Info: chapters/images/05//LocalAlignment.png  used on input 
line 140.
(pdftex.def)             Requested size: 260.17464pt x 172.31827pt.


LaTeX Warning: `h' float specifier changed to `ht'.

[30]
Underfull \hbox (badness 5161) in paragraph at lines 159--161
[]\T1/qbk/m/n/10 Evaluation: cre-ate align-ments for
 []

[31 <./chapters/images/05//LocalAlignment.png>]
Underfull \hbox (badness 10000) in paragraph at lines 176--177
[]\T1/qbk/m/n/10 Tblastx: com-pares the six-frame
 []


Underfull \hbox (badness 10000) in paragraph at lines 176--177
\T1/qbk/m/n/10 la-tion of a nu-cleotide se-quence
 []

[32] [33]) (./chapters/06_assembly.tex [34]
Chapter 6.
[35

]
Underfull \hbox (badness 7759) in paragraph at lines 38--40
[]\T1/qbk/m/n/10 multiple over-lap-ping of the same
 []

[36]
Underfull \hbox (badness 10000) in paragraph at lines 103--104
[]\T1/qbk/m/n/10 Diploid genome or mul-ti-ple copy
 []

[37]
<chapters/images/06//Repeats.png, id=989, 356.83313pt x 265.74281pt>
File: chapters/images/06//Repeats.png Graphic file (type png)
<use chapters/images/06//Repeats.png>
Package pdftex.def Info: chapters/images/06//Repeats.png  used on input line 12
7.
(pdftex.def)             Requested size: 260.17464pt x 193.76761pt.
 [38 <./chapters/images/06//Repeats.png>]
<chapters/images/06//DBG.png, id=1000, 319.1925pt x 118.19156pt>
File: chapters/images/06//DBG.png Graphic file (type png)
<use chapters/images/06//DBG.png>
Package pdftex.def Info: chapters/images/06//DBG.png  used on input line 195.
(pdftex.def)             Requested size: 260.17464pt x 96.33879pt.
 [39 <./chapters/images/06//DBG.png>]
Underfull \hbox (badness 5607) in paragraph at lines 206--208
[]\T1/qbk/m/n/10 Nodes are all the unique $\OML/cmm/m/it/10 k$\T1/qbk/m/n/10 -m
ers
 []

) (./chapters/07_16s-sequencing.tex [40]
Chapter 7.
[41

]
<chapters/images/07//general_workflow.png, id=1020, 529.98pt x 359.09157pt>
File: chapters/images/07//general_workflow.png Graphic file (type png)
<use chapters/images/07//general_workflow.png>
Package pdftex.def Info: chapters/images/07//general_workflow.png  used on inpu
t line 54.
(pdftex.def)             Requested size: 390.25534pt x 264.425pt.
 [42]
<chapters/images/07//16S_rRNA.png, id=1026, 573.64313pt x 362.10281pt>
File: chapters/images/07//16S_rRNA.png Graphic file (type png)
<use chapters/images/07//16S_rRNA.png>
Package pdftex.def Info: chapters/images/07//16S_rRNA.png  used on input line 7
5.
(pdftex.def)             Requested size: 390.25534pt x 246.34819pt.
 [43 <./chapters/images/07//general_workflow.png>]
<chapters/images/07//silva_analysis.png, id=1033, 677.53125pt x 418.56375pt>
File: chapters/images/07//silva_analysis.png Graphic file (type png)
<use chapters/images/07//silva_analysis.png>
Package pdftex.def Info: chapters/images/07//silva_analysis.png  used on input 
line 89.
(pdftex.def)             Requested size: 390.25534pt x 241.10019pt.


LaTeX Warning: `!h' float specifier changed to `!ht'.

<chapters/images/07//primer_placement.png, id=1034, 575.90157pt x 119.69719pt>
File: chapters/images/07//primer_placement.png Graphic file (type png)
<use chapters/images/07//primer_placement.png>
Package pdftex.def Info: chapters/images/07//primer_placement.png  used on inpu
t line 101.
(pdftex.def)             Requested size: 390.25534pt x 81.11539pt.

LaTeX Warning: `!h' float specifier changed to `!ht'.

[44 <./chapters/images/07//16S_rRNA.png>] [45 <./chapters/images/07//silva_anal
ysis.png> <./chapters/images/07//primer_placement.png>]
<chapters/images/07//expanded_workflow.png, id=1048, 648.17157pt x 392.21532pt>

File: chapters/images/07//expanded_workflow.png Graphic file (type png)
<use chapters/images/07//expanded_workflow.png>
Package pdftex.def Info: chapters/images/07//expanded_workflow.png  used on inp
ut line 146.
(pdftex.def)             Requested size: 390.25534pt x 236.15091pt.


LaTeX Warning: `!h' float specifier changed to `!ht'.

<chapters/images/07//zoom_in_16S.png, id=1049, 576.65437pt x 360.59718pt>
File: chapters/images/07//zoom_in_16S.png Graphic file (type png)
<use chapters/images/07//zoom_in_16S.png>
Package pdftex.def Info: chapters/images/07//zoom_in_16S.png  used on input lin
e 152.
(pdftex.def)             Requested size: 390.25534pt x 244.04736pt.

LaTeX Warning: `!h' float specifier changed to `!ht'.

<chapters/images/07//OTU_general.png, id=1050, 531.48563pt x 284.56313pt>
File: chapters/images/07//OTU_general.png Graphic file (type png)
<use chapters/images/07//OTU_general.png>
Package pdftex.def Info: chapters/images/07//OTU_general.png  used on input lin
e 167.
(pdftex.def)             Requested size: 390.25534pt x 208.94946pt.

LaTeX Warning: `!h' float specifier changed to `!ht'.

[46]
Underfull \hbox (badness 10000) in paragraph at lines 176--179
[]\T1/qbk/m/n/10 Single link-age clus-ter-ing near-est
 []

[47 <./chapters/images/07//expanded_workflow.png> <./chapters/images/07//zoom_i
n_16S.png>]
<chapters/images/07//clustering_methods.png, id=1063, 566.115pt x 234.1247pt>
File: chapters/images/07//clustering_methods.png Graphic file (type png)
<use chapters/images/07//clustering_methods.png>
Package pdftex.def Info: chapters/images/07//clustering_methods.png  used on in
put line 188.
(pdftex.def)             Requested size: 390.25534pt x 161.39973pt.
<chapters/images/07//overclustering.png, id=1064, 541.27219pt x 216.81pt>
File: chapters/images/07//overclustering.png Graphic file (type png)
<use chapters/images/07//overclustering.png>
Package pdftex.def Info: chapters/images/07//overclustering.png  used on input 
line 194.
(pdftex.def)             Requested size: 390.25534pt x 156.32472pt.
 [48 <./chapters/images/07//OTU_general.png> <./chapters/images/07//clustering_
methods.png>]

LaTeX Warning: Command \textquoteright invalid in math mode on input line 210.


LaTeX Warning: Command \textquoteright invalid in math mode on input line 211.


Underfull \hbox (badness 10000) in paragraph at lines 211--212
[]\T1/qbk/m/n/10 Compute the $\OML/cmm/m/it/10 G$ \T1/qbk/m/n/10 that max-i-miz
es
 []

[49 <./chapters/images/07//overclustering.png>]
<chapters/images/07//Diversity.png, id=1085, 198.7425pt x 216.81pt>
File: chapters/images/07//Diversity.png Graphic file (type png)
<use chapters/images/07//Diversity.png>
Package pdftex.def Info: chapters/images/07//Diversity.png  used on input line 
243.
(pdftex.def)             Requested size: 260.17464pt x 283.85776pt.
 [50 <./chapters/images/07//Diversity.png>]
<chapters/images/07//UniFrac.png, id=1092, 456.5055pt x 192.72pt>
File: chapters/images/07//UniFrac.png Graphic file (type png)
<use chapters/images/07//UniFrac.png>
Package pdftex.def Info: chapters/images/07//UniFrac.png  used on input line 26
7.
(pdftex.def)             Requested size: 260.17464pt x 109.83682pt.
) (./chapters/08_shotgun-metagenomics.tex [51 <./chapters/images/07//UniFrac.pn
g>]
Chapter 8.
<chapters/images/08//Shotgun_workflow.png, id=1100, 969.6225pt x 727.71875pt>
File: chapters/images/08//Shotgun_workflow.png Graphic file (type png)
<use chapters/images/08//Shotgun_workflow.png>
Package pdftex.def Info: chapters/images/08//Shotgun_workflow.png  used on inpu
t line 23.
(pdftex.def)             Requested size: 390.25534pt x 292.8923pt.

LaTeX Warning: `!h' float specifier changed to `!ht'.


Underfull \hbox (badness 3977) in paragraph at lines 46--47
[]|\T1/qbk/m/n/10 Expensive (but costs are de-creas-ing:
 []

[52

] [53 <./chapters/images/08//Shotgun_workflow.png>]
Overfull \hbox (12.1316pt too wide) in paragraph at lines 58--58
[]\T1/qbk/b/n/14.4 Identification of mi-crobes from Shot-gun metage-nomics
 []

[54]
<chapters/images/08//MetaPhlAn.png, id=1116, 961.5925pt x 619.31375pt>
File: chapters/images/08//MetaPhlAn.png Graphic file (type png)
<use chapters/images/08//MetaPhlAn.png>
Package pdftex.def Info: chapters/images/08//MetaPhlAn.png  used on input line 
84.
(pdftex.def)             Requested size: 411.93767pt x 265.30748pt.
 [55 <./chapters/images/08//MetaPhlAn.png>]
<chapters/images/08//taxApproaches.png, id=1125, 994.71625pt x 608.2725pt>
File: chapters/images/08//taxApproaches.png Graphic file (type png)
<use chapters/images/08//taxApproaches.png>
Package pdftex.def Info: chapters/images/08//taxApproaches.png  used on input l
ine 123.
(pdftex.def)             Requested size: 298.41718pt x 182.48315pt.
 [56 <./chapters/images/08//taxApproaches.png>]
<chapters/images/08//curatedMetagenomicData.png, id=1133, 527.9725pt x 667.4937
4pt>
File: chapters/images/08//curatedMetagenomicData.png Graphic file (type png)
<use chapters/images/08//curatedMetagenomicData.png>
Package pdftex.def Info: chapters/images/08//curatedMetagenomicData.png  used o
n input line 133.
(pdftex.def)             Requested size: 173.44534pt x 219.27547pt.
<chapters/images/08//MilanCRC.png, id=1136, 1065.9825pt x 583.17876pt>
File: chapters/images/08//MilanCRC.png Graphic file (type png)
<use chapters/images/08//MilanCRC.png>
Package pdftex.def Info: chapters/images/08//MilanCRC.png  used on input line 1
49.
(pdftex.def)             Requested size: 195.12767pt x 106.74736pt.
<chapters/images/08//TurinCRC.png, id=1137, 1053.9375pt x 608.2725pt>
File: chapters/images/08//TurinCRC.png Graphic file (type png)
<use chapters/images/08//TurinCRC.png>
Package pdftex.def Info: chapters/images/08//TurinCRC.png  used on input line 1
54.
(pdftex.def)             Requested size: 195.12767pt x 112.61218pt.


LaTeX Warning: `!h' float specifier changed to `!ht'.

<chapters/images/08//CRCbiomarkers.png, id=1140, 1069.9975pt x 681.54625pt>
File: chapters/images/08//CRCbiomarkers.png Graphic file (type png)
<use chapters/images/08//CRCbiomarkers.png>
Package pdftex.def Info: chapters/images/08//CRCbiomarkers.png  used on input l
ine 168.
(pdftex.def)             Requested size: 195.12767pt x 124.28496pt.
<chapters/images/08//CRC_ML.png, id=1141, 974.64125pt x 709.65125pt>
File: chapters/images/08//CRC_ML.png Graphic file (type png)
<use chapters/images/08//CRC_ML.png>
Package pdftex.def Info: chapters/images/08//CRC_ML.png  used on input line 174
.
(pdftex.def)             Requested size: 195.12767pt x 142.0685pt.

LaTeX Warning: `!h' float specifier changed to `!ht'.

[57 <./chapters/images/08//curatedMetagenomicData.png>]
<chapters/images/08//cutC.png, id=1152, 1083.04625pt x 712.6625pt>
File: chapters/images/08//cutC.png Graphic file (type png)
<use chapters/images/08//cutC.png>
Package pdftex.def Info: chapters/images/08//cutC.png  used on input line 187.
(pdftex.def)             Requested size: 216.60541pt x 142.52997pt.
 [58 <./chapters/images/08//MilanCRC.png> <./chapters/images/08//TurinCRC.png> 
<./chapters/images/08//CRCbiomarkers.png> <./chapters/images/08//CRC_ML.png>]
<chapters/images/08//panphlan1.png, id=1166, 1024.82875pt x 342.27875pt>
File: chapters/images/08//panphlan1.png Graphic file (type png)
<use chapters/images/08//panphlan1.png>
Package pdftex.def Info: chapters/images/08//panphlan1.png  used on input line 
215.
(pdftex.def)             Requested size: 390.25534pt x 130.33885pt.


LaTeX Warning: `!h' float specifier changed to `!ht'.

<chapters/images/08//panphlan2.png, id=1167, 1073.00874pt x 416.55624pt>
File: chapters/images/08//panphlan2.png Graphic file (type png)
<use chapters/images/08//panphlan2.png>
Package pdftex.def Info: chapters/images/08//panphlan2.png  used on input line 
221.
(pdftex.def)             Requested size: 390.25534pt x 151.4983pt.

LaTeX Warning: `!h' float specifier changed to `!ht'.

<chapters/images/08//Coverage.png, id=1168, 931.48pt x 673.51625pt>
File: chapters/images/08//Coverage.png Graphic file (type png)
<use chapters/images/08//Coverage.png>
Package pdftex.def Info: chapters/images/08//Coverage.png  used on input line 2
27.
(pdftex.def)             Requested size: 260.17464pt x 188.12079pt.

LaTeX Warning: `!h' float specifier changed to `!ht'.

<chapters/images/08//Ecoli1.png, id=1171, 882.29625pt x 634.37pt>
File: chapters/images/08//Ecoli1.png Graphic file (type png)
<use chapters/images/08//Ecoli1.png>
Package pdftex.def Info: chapters/images/08//Ecoli1.png  used on input line 242
.
(pdftex.def)             Requested size: 212.47617pt x 152.76492pt.
<chapters/images/08//Ecoli2.png, id=1172, 1073.00874pt x 659.46375pt>
File: chapters/images/08//Ecoli2.png Graphic file (type png)
<use chapters/images/08//Ecoli2.png>
Package pdftex.def Info: chapters/images/08//Ecoli2.png  used on input line 248
.
(pdftex.def)             Requested size: 212.47617pt x 130.58228pt.

LaTeX Warning: `!h' float specifier changed to `!ht'.

[59 <./chapters/images/08//cutC.png>]
<chapters/images/08//Erectale.png, id=1184, 1079.03125pt x 652.4375pt>
File: chapters/images/08//Erectale.png Graphic file (type png)
<use chapters/images/08//Erectale.png>
Package pdftex.def Info: chapters/images/08//Erectale.png  used on input line 2
61.
(pdftex.def)             Requested size: 260.17464pt x 157.31494pt.


LaTeX Warning: `!h' float specifier changed to `!ht'.

<chapters/images/08//nec1.png, id=1187, 1055.945pt x 435.6275pt>
File: chapters/images/08//nec1.png Graphic file (type png)
<use chapters/images/08//nec1.png>
Package pdftex.def Info: chapters/images/08//nec1.png  used on input line 276.
(pdftex.def)             Requested size: 195.12767pt x 80.49677pt.
<chapters/images/08//nec2.png, id=1188, 990.70125pt x 627.34375pt>
File: chapters/images/08//nec2.png Graphic file (type png)
<use chapters/images/08//nec2.png>
Package pdftex.def Info: chapters/images/08//nec2.png  used on input line 282.
(pdftex.def)             Requested size: 195.12767pt x 123.5616pt.

LaTeX Warning: `!h' float specifier changed to `!ht'.

[60 <./chapters/images/08//panphlan1.png> <./chapters/images/08//panphlan2.png>
]
<chapters/images/08//StrainPhlAn.png, id=1200, 1018.80624pt x 713.66624pt>
File: chapters/images/08//StrainPhlAn.png Graphic file (type png)
<use chapters/images/08//StrainPhlAn.png>
Package pdftex.def Info: chapters/images/08//StrainPhlAn.png  used on input lin
e 297.
(pdftex.def)             Requested size: 390.25534pt x 273.37392pt.


LaTeX Warning: `!h' float specifier changed to `!ht'.

<chapters/images/08//strainGut.png, id=1201, 1037.8775pt x 646.415pt>
File: chapters/images/08//strainGut.png Graphic file (type png)
<use chapters/images/08//strainGut.png>
Package pdftex.def Info: chapters/images/08//strainGut.png  used on input line 
307.
(pdftex.def)             Requested size: 346.89731pt x 216.05966pt.
[61 <./chapters/images/08//Coverage.png> <./chapters/images/08//Ecoli1.png> <./
chapters/images/08//Ecoli2.png>]

LaTeX Warning: `!h' float specifier changed to `!ht'.

<chapters/images/08//strainGeo.png, id=1212, 579.16376pt x 501.875pt>
File: chapters/images/08//strainGeo.png Graphic file (type png)
<use chapters/images/08//strainGeo.png>
Package pdftex.def Info: chapters/images/08//strainGeo.png  used on input line 
322.
(pdftex.def)             Requested size: 216.81pt x 187.87337pt.

LaTeX Warning: `!h' float specifier changed to `!ht'.

[62 <./chapters/images/08//Erectale.png> <./chapters/images/08//nec1.png> <./ch
apters/images/08//nec2.png>]

LaTeX Warning: Text page 63 contains only floats.

[63 <./chapters/images/08//StrainPhlAn.png> <./chapters/images/08//strainGut.pn
g>]
Underfull \hbox (badness 10000) in paragraph at lines 335--336
[]\T1/qbk/m/n/10 Functional un-knowns: genes for
 []


Underfull \hbox (badness 10000) in paragraph at lines 352--353
[]\T1/qbk/m/n/10 Binning of con-tigs into pu-ta-tive
 []


Underfull \hbox (badness 10000) in paragraph at lines 352--353
\T1/qbk/m/n/10 genomes (MAGs = Metagenome-
 []


Underfull \hbox (badness 6364) in paragraph at lines 354--355
[]\T1/qbk/m/n/10 The MAGs are then clus-tered in
 []

[64 <./chapters/images/08//strainGeo.png>]
<chapters/images/08//workflow2.jpg, id=1241, 558.085pt x 368.37625pt>
File: chapters/images/08//workflow2.jpg Graphic file (type jpg)
<use chapters/images/08//workflow2.jpg>
Package pdftex.def Info: chapters/images/08//workflow2.jpg  used on input line 
361.
(pdftex.def)             Requested size: 390.25534pt x 257.60304pt.
<chapters/images/08//Erec2.png, id=1242, 1033.8625pt x 709.65125pt>
File: chapters/images/08//Erec2.png Graphic file (type png)
<use chapters/images/08//Erec2.png>
Package pdftex.def Info: chapters/images/08//Erec2.png  used on input line 374.

(pdftex.def)             Requested size: 346.89731pt x 238.11633pt.


LaTeX Warning: `!h' float specifier changed to `!ht'.

<chapters/images/08//Prevotella.png, id=1243, 1051.93pt x 452.69125pt>
File: chapters/images/08//Prevotella.png Graphic file (type png)
<use chapters/images/08//Prevotella.png>
Package pdftex.def Info: chapters/images/08//Prevotella.png  used on input line
 386.
(pdftex.def)             Requested size: 346.89731pt x 149.28496pt.

LaTeX Warning: `!h' float specifier changed to `!ht'.

[65 <./chapters/images/08//workflow2.jpg>] [66 <./chapters/images/08//Erec2.png
> <./chapters/images/08//Prevotella.png>]
<chapters/images/08//akkermansia.png, id=1259, 944.52875pt x 430.60875pt>
File: chapters/images/08//akkermansia.png Graphic file (type png)
<use chapters/images/08//akkermansia.png>
Package pdftex.def Info: chapters/images/08//akkermansia.png  used on input lin
e 406.
(pdftex.def)             Requested size: 346.89731pt x 158.15317pt.
<chapters/images/08//phages.png, id=1260, 1031.855pt x 645.41125pt>
File: chapters/images/08//phages.png Graphic file (type png)
<use chapters/images/08//phages.png>
Package pdftex.def Info: chapters/images/08//phages.png  used on input line 423
.
(pdftex.def)             Requested size: 346.89731pt x 216.97488pt.
 [67 <./chapters/images/08//akkermansia.png>]
<chapters/images/08//human2.png, id=1268, 1045.9075pt x 653.44125pt>
File: chapters/images/08//human2.png Graphic file (type png)
<use chapters/images/08//human2.png>
Package pdftex.def Info: chapters/images/08//human2.png  used on input line 436
.
(pdftex.def)             Requested size: 346.89731pt x 216.73305pt.


LaTeX Warning: `!h' float specifier changed to `!ht'.

) (./chapters/09_staphylococcus-aureus.tex [68 <./chapters/images/08//phages.pn
g>] [69 <./chapters/images/08//human2.png>]
Chapter 9.
[70

] [71]
<chapters/images/09//Workflow.png, id=1295, 614.89725pt x 244.5135pt>
File: chapters/images/09//Workflow.png Graphic file (type png)
<use chapters/images/09//Workflow.png>
Package pdftex.def Info: chapters/images/09//Workflow.png  used on input line 6
9.
(pdftex.def)             Requested size: 433.62pt x 172.43427pt.
 [72]

Package fancyhdr Warning: \headheight is too small (12.0pt): 
(fancyhdr)                Make it at least 22.46501pt, for example:
(fancyhdr)                \setlength{\headheight}{22.46501pt}.
(fancyhdr)                You might also make \topmargin smaller to compensate:

(fancyhdr)                \addtolength{\topmargin}{-10.46501pt}.

[73 <./chapters/images/09//Workflow.png>]
<chapters/images/09//SCCmec.png, id=1308, 415.5525pt x 77.088pt>
File: chapters/images/09//SCCmec.png Graphic file (type png)
<use chapters/images/09//SCCmec.png>
Package pdftex.def Info: chapters/images/09//SCCmec.png  used on input line 135
.
(pdftex.def)             Requested size: 260.17464pt x 48.26573pt.


Package fancyhdr Warning: \headheight is too small (12.0pt): 
(fancyhdr)                Make it at least 22.46501pt, for example:
(fancyhdr)                \setlength{\headheight}{22.46501pt}.
(fancyhdr)                You might also make \topmargin smaller to compensate:

(fancyhdr)                \addtolength{\topmargin}{-10.46501pt}.

[74]

Package fancyhdr Warning: \headheight is too small (12.0pt): 
(fancyhdr)                Make it at least 22.46501pt, for example:
(fancyhdr)                \setlength{\headheight}{22.46501pt}.
(fancyhdr)                You might also make \topmargin smaller to compensate:

(fancyhdr)                \addtolength{\topmargin}{-10.46501pt}.

[75 <./chapters/images/09//SCCmec.png>]
<chapters/images/09//Highlights.png, id=1334, 370.38374pt x 194.52675pt>
File: chapters/images/09//Highlights.png Graphic file (type png)
<use chapters/images/09//Highlights.png>
Package pdftex.def Info: chapters/images/09//Highlights.png  used on input line
 185.
(pdftex.def)             Requested size: 260.17464pt x 136.64566pt.


Package fancyhdr Warning: \headheight is too small (12.0pt): 
(fancyhdr)                Make it at least 22.46501pt, for example:
(fancyhdr)                \setlength{\headheight}{22.46501pt}.
(fancyhdr)                You might also make \topmargin smaller to compensate:

(fancyhdr)                \addtolength{\topmargin}{-10.46501pt}.

[76 <./chapters/images/09//Highlights.png>]

Package fancyhdr Warning: \headheight is too small (12.0pt): 
(fancyhdr)                Make it at least 22.46501pt, for example:
(fancyhdr)                \setlength{\headheight}{22.46501pt}.
(fancyhdr)                You might also make \topmargin smaller to compensate:

(fancyhdr)                \addtolength{\topmargin}{-10.46501pt}.

[77]

Package hyperref Warning: Token not allowed in a PDF string (Unicode):
(hyperref)                removing `math shift' on input line 254.


Package hyperref Warning: Token not allowed in a PDF string (Unicode):
(hyperref)                removing `math shift' on input line 254.


Overfull \hbox (6.48923pt too wide) in paragraph at lines 256--257
\T1/qbk/m/n/10 They in-ves-ti-gated the hy-poth-e-sis that some of the preva-le
nt STs could be hospital-associated
 []


Package fancyhdr Warning: \headheight is too small (12.0pt): 
(fancyhdr)                Make it at least 22.46501pt, for example:
(fancyhdr)                \setlength{\headheight}{22.46501pt}.
(fancyhdr)                You might also make \topmargin smaller to compensate:

(fancyhdr)                \addtolength{\topmargin}{-10.46501pt}.

[78])

Package fancyhdr Warning: \headheight is too small (12.0pt): 
(fancyhdr)                Make it at least 22.46501pt, for example:
(fancyhdr)                \setlength{\headheight}{22.46501pt}.
(fancyhdr)                You might also make \topmargin smaller to compensate:

(fancyhdr)                \addtolength{\topmargin}{-10.46501pt}.

[79] (./build/principal.aux)

LaTeX Warning: There were multiply-defined labels.

Package rerunfilecheck Info: File `principal.out' has not changed.
(rerunfilecheck)             Checksum: 92BBDB2F4E8DA39B119DDF0EF9FDB620;26840.
 ) 
Here is how much of TeX's memory you used:
 23718 strings out of 478276
 441906 string characters out of 5853013
 747423 words of memory out of 5000000
 41150 multiletter control sequences out of 15000+600000
 547598 words of font info for 85 fonts, out of 8000000 for 9000
 1141 hyphenation exceptions out of 8191
 75i,12n,82p,953b,966s stack positions out of 5000i,500n,10000p,200000b,80000s
{/usr/share/texmf-dist/fonts/enc/dvips/tex-gyre/q-ts1.enc}{/usr/share/texmf-d
ist/fonts/enc/dvips/tex-gyre/q-ec.enc}</usr/share/texmf-dist/fonts/type1/public
/amsfonts/cm/cmex10.pfb></usr/share/texmf-dist/fonts/type1/public/amsfonts/cm/c
mmi10.pfb></usr/share/texmf-dist/fonts/type1/public/amsfonts/cm/cmmi7.pfb></usr
/share/texmf-dist/fonts/type1/public/amsfonts/cm/cmmi8.pfb></usr/share/texmf-di
st/fonts/type1/public/amsfonts/cm/cmr10.pfb></usr/share/texmf-dist/fonts/type1/
public/amsfonts/cm/cmr12.pfb></usr/share/texmf-dist/fonts/type1/public/amsfonts
/cm/cmr7.pfb></usr/share/texmf-dist/fonts/type1/public/amsfonts/cm/cmr8.pfb></u
sr/share/texmf-dist/fonts/type1/public/amsfonts/cm/cmr9.pfb></usr/share/texmf-d
ist/fonts/type1/public/amsfonts/cm/cmsy10.pfb></usr/share/texmf-dist/fonts/type
1/public/amsfonts/cm/cmsy6.pfb></usr/share/texmf-dist/fonts/type1/public/amsfon
ts/cm/cmsy7.pfb></usr/share/texmf-dist/fonts/type1/public/amsfonts/cm/cmsy9.pfb
></usr/share/texmf-dist/fonts/type1/public/tex-gyre/qbkb.pfb></usr/share/texmf-
dist/fonts/type1/public/tex-gyre/qbkbi.pfb></usr/share/texmf-dist/fonts/type1/p
ublic/tex-gyre/qbkr.pfb></usr/share/texmf-dist/fonts/type1/public/tex-gyre/qbkr
i.pfb>
Output written on ./build/principal.pdf (80 pages, 11877262 bytes).
PDF statistics:
 1532 PDF objects out of 1728 (max. 8388607)
 1274 compressed objects within 13 object streams
 386 named destinations out of 1000 (max. 500000)
 1398 words of extra memory for PDF output out of 10000 (max. 10000000)

