\BOOKMARK [0][-]{chapter.1}{Introduction}{}% 1
\BOOKMARK [1][-]{section.1.1}{Microbes}{chapter.1}% 2
\BOOKMARK [2][-]{subsection.1.1.1}{Prevalence of microbes}{section.1.1}% 3
\BOOKMARK [2][-]{subsection.1.1.2}{Difficulties in studying them}{section.1.1}% 4
\BOOKMARK [1][-]{section.1.2}{Genomics}{chapter.1}% 5
\BOOKMARK [2][-]{subsection.1.2.1}{Comparative genomics}{section.1.2}% 6
\BOOKMARK [2][-]{subsection.1.2.2}{Metagenomics}{section.1.2}% 7
\BOOKMARK [1][-]{section.1.3}{Leveraging computational power}{chapter.1}% 8
\BOOKMARK [2][-]{subsection.1.3.1}{Comparing low-throughput and high-throughput pipeline}{section.1.3}% 9
\BOOKMARK [0][-]{chapter.2}{Escherichia Coli general informations}{}% 10
\BOOKMARK [1][-]{section.2.1}{E. coli genomics}{chapter.2}% 11
\BOOKMARK [2][-]{subsection.2.1.1}{E. coli long-term evolution experiment}{section.2.1}% 12
\BOOKMARK [2][-]{subsection.2.1.2}{E. coli strains}{section.2.1}% 13
\BOOKMARK [2][-]{subsection.2.1.3}{PanPhlAn - strain detection and characterization}{section.2.1}% 14
\BOOKMARK [2][-]{subsection.2.1.4}{Genomes of E. coli}{section.2.1}% 15
\BOOKMARK [0][-]{chapter.3}{NGS principles \(second gen. sequencing\) - From Sanger to third gen sequencing}{}% 16
\BOOKMARK [1][-]{section.3.1}{History of Sequencing}{chapter.3}% 17
\BOOKMARK [2][-]{subsection.3.1.1}{Progresses of sequencing}{section.3.1}% 18
\BOOKMARK [2][-]{subsection.3.1.2}{The Chain Terminators}{section.3.1}% 19
\BOOKMARK [2][-]{subsection.3.1.3}{Sanger method: the first one}{section.3.1}% 20
\BOOKMARK [1][-]{section.3.2}{Development of Sequencing Machines}{chapter.3}% 21
\BOOKMARK [1][-]{section.3.3}{Next Generation Sequencing NGS}{chapter.3}% 22
\BOOKMARK [2][-]{subsection.3.3.1}{Fragments/Library preparation}{section.3.3}% 23
\BOOKMARK [2][-]{subsection.3.3.2}{Clonal amplification and ILLUMINA sequencing procedure}{section.3.3}% 24
\BOOKMARK [2][-]{subsection.3.3.3}{Pacific Bioscience \(PacBio\)}{section.3.3}% 25
\BOOKMARK [2][-]{subsection.3.3.4}{Nanopore sequencing}{section.3.3}% 26
\BOOKMARK [0][-]{chapter.4}{Sequencing data}{}% 27
\BOOKMARK [1][-]{section.4.1}{Intro to sequencing raw data}{chapter.4}% 28
\BOOKMARK [2][-]{subsection.4.1.1}{Base caller}{section.4.1}% 29
\BOOKMARK [2][-]{subsection.4.1.2}{FASTQ format}{section.4.1}% 30
\BOOKMARK [0][-]{chapter.5}{Mapping}{}% 31
\BOOKMARK [0][-]{chapter.6}{Assembly}{}% 32
\BOOKMARK [0][-]{chapter.7}{16S-rRNA sequencing}{}% 33
\BOOKMARK [1][-]{section.7.1}{Introduction to metagenomics}{chapter.7}% 34
\BOOKMARK [2][-]{subsection.7.1.1}{Definition of metagenomics}{section.7.1}% 35
\BOOKMARK [2][-]{subsection.7.1.2}{Why studying the metagenome}{section.7.1}% 36
\BOOKMARK [2][-]{subsection.7.1.3}{Differences with older microbiome studies}{section.7.1}% 37
\BOOKMARK [2][-]{subsection.7.1.4}{Example: skin microbiome}{section.7.1}% 38
\BOOKMARK [1][-]{section.7.2}{16S rRNA sequencing}{chapter.7}% 39
\BOOKMARK [2][-]{subsection.7.2.1}{Simplified 16S rRNA analysis workflow}{section.7.2}% 40
\BOOKMARK [2][-]{subsection.7.2.2}{16S rRNA gene}{section.7.2}% 41
\BOOKMARK [2][-]{subsection.7.2.3}{Primer and high-throughput machine choice}{section.7.2}% 42
\BOOKMARK [2][-]{subsection.7.2.4}{In depth 16S rRNA analysis workflow}{section.7.2}% 43
\BOOKMARK [2][-]{subsection.7.2.5}{OTU clustering}{section.7.2}% 44
\BOOKMARK [2][-]{subsection.7.2.6}{OTU taxonomic annotation}{section.7.2}% 45
\BOOKMARK [0][-]{chapter.8}{Shotgun metagenomics}{}% 46
\BOOKMARK [0][-]{chapter.9}{Staphylococcus aureus}{}% 47
